#
# A fatal error has been detected by the Java Runtime Environment:
#
#  EXCEPTION_ACCESS_VIOLATION (0xc0000005) at pc=0x00007ffde15ee9cb, pid=14208, tid=21784
#
# JRE version: Java(TM) SE Runtime Environment (23.0.1+11) (build 23.0.1+11-39)
# Java VM: Java HotSpot(TM) 64-Bit Server VM (23.0.1+11-39, mixed mode, emulated-client, sharing, tiered, compressed oops, compressed class ptrs, g1 gc, windows-amd64)
# Problematic frame:
# V  [jvm.dll+0x35e9cb]
#
# No core dump will be written. Minidumps are not enabled by default on client versions of Windows
#
# If you would like to submit a bug report, please visit:
#   https://bugreport.java.com/bugreport/crash.jsp
#

---------------  S U M M A R Y ------------

Command Line: -Dcom.sun.management.jmxremote -Dcom.sun.management.jmxremote.port=59554 -Dcom.sun.management.jmxremote.authenticate=false -Dcom.sun.management.jmxremote.ssl=false -Djava.rmi.server.hostname=localhost -Dspring.jmx.enabled=true -Dmanagement.endpoints.jmx.exposure.include=* -Dspring.application.admin.enabled=true -Dspring.output.ansi.enabled=always -XX:TieredStopAtLevel=1 -Dspring.boot.project.name=api-sample -Dfile.encoding=UTF-8 -Dstdout.encoding=UTF-8 -Dstderr.encoding=UTF-8 -XX:+ShowCodeDetailsInExceptionMessages br.edu.atitus.api_sample.ApiSampleApplication

Host: AMD Ryzen 5 3550H with Radeon Vega Mobile Gfx  , 8 cores, 21G,  Windows 10 , 64 bit Build 19041 (10.0.19041.5794)
Time: Wed Jun 11 21:18:46 2025 Hora oficial do Brasil elapsed time: 5.349452 seconds (0d 0h 0m 5s)

---------------  T H R E A D  ---------------

Current thread (0x000001cf918d92c0):  WorkerThread "GC Thread#7"    [id=21784, stack(0x000000158a200000,0x000000158a300000) (1024K)]

Stack: [0x000000158a200000,0x000000158a300000],  sp=0x000000158a2ff440,  free space=1021k
Native frames: (J=compiled Java code, j=interpreted, Vv=VM code, C=native code)
V  [jvm.dll+0x35e9cb]  (no source info available)
V  [jvm.dll+0x35adfe]  (no source info available)
V  [jvm.dll+0x3684ca]  (no source info available)
V  [jvm.dll+0x36a1b9]  (no source info available)
V  [jvm.dll+0x368a2a]  (no source info available)
V  [jvm.dll+0x369df2]  (no source info available)
V  [jvm.dll+0x375153]  (no source info available)
V  [jvm.dll+0x37543b]  (no source info available)
V  [jvm.dll+0x8ae1b7]  (no source info available)
V  [jvm.dll+0x824f8b]  (no source info available)
V  [jvm.dll+0x6df065]  (no source info available)
C  [ucrtbase.dll+0x21bb2]  (no source info available)
C  [KERNEL32.DLL+0x17374]  (no source info available)
C  [ntdll.dll+0x4cc91]  (no source info available)


siginfo: EXCEPTION_ACCESS_VIOLATION (0xc0000005), reading address 0x0000000000000020


Registers:
RAX=0x0000000000000000, RBX=0x000001cf92b2db10, RCX=0x0000000000000000, RDX=0x000001cf36c460f7
RSP=0x000000158a2ff440, RBP=0x000000158a2ff4d9, RSI=0x000001cf36be91e0, RDI=0x00000006a272c97c
R8 =0x00000006a272c970, R9 =0x0000000000000020, R10=0x0000000000000020, R11=0x000000158a2ff410
R12=0x0000000000000000, R13=0x000001cf9185dff0, R14=0x0000000000000336, R15=0x0000000000000040
RIP=0x00007ffde15ee9cb, EFLAGS=0x0000000000010246


Register to memory mapping:

RAX=0x0 is null
RBX=0x000001cf92b2db10 points into unknown readable memory: 0x00007ffde1c92628 | 28 26 c9 e1 fd 7f 00 00
RCX=0x0 is null
RDX=0x000001cf36c460f7 points into unknown readable memory: 00
RSP=0x000000158a2ff440 points into unknown readable memory: 0x00000006a272c82c | 2c c8 72 a2 06 00 00 00
RBP=0x000000158a2ff4d9 points into unknown readable memory: 93 96 e1 fd 7f 00 00
RSI=0x000001cf36be91e0 points into unknown readable memory: 0x0000000000000000 | 00 00 00 00 00 00 00 00
RDI=
[error occurred during error reporting (printing register info), id 0xc0000005, EXCEPTION_ACCESS_VIOLATION (0xc0000005) at pc=0x00007ffde15a9b51]
R8 =0x00000006a272c970 is an oop: java.util.LinkedHashMap 
{0x00000006a272c970} - klass: 'java/util/LinkedHashMap'
 - ---- fields (total size 8 words):
 - transient 'keySet' 'Ljava/util/Set;' @12  
[error occurred during error reporting (printing register info, attempt 2), id 0xc0000005, EXCEPTION_ACCESS_VIOLATION (0xc0000005) at pc=0x00007ffde195b09d]
R9 =0x0000000000000020 is an unknown value
R10=0x0000000000000020 is an unknown value
R11=0x000000158a2ff410 points into unknown readable memory: 0x0000000000000040 | 40 00 00 00 00 00 00 00
R12=0x0 is null
R13=0x000001cf9185dff0 points into unknown readable memory: 0x0000000100000002 | 02 00 00 00 01 00 00 00
R14=0x0000000000000336 is an unknown value
R15=0x0000000000000040 is an unknown value

Top of Stack: (sp=0x000000158a2ff440)
0x000000158a2ff440:   00000006a272c82c 000000158a2ff4b0
0x000000158a2ff450:   000001cf92b2db10 000001cf36be91e0
0x000000158a2ff460:   0000000000000001 000001cf4b60de00
0x000000158a2ff470:   000001cf36bdf6d0 0000001500000006
0x000000158a2ff480:   000001cf918d2c20 00007ffde1c93e50
0x000000158a2ff490:   000001cf36ba1ff0 000001cf36be8490
0x000000158a2ff4a0:   0000000000000106 0000000000000000
0x000000158a2ff4b0:   00000006a1000001 00007ffde15f421d
0x000000158a2ff4c0:   0000fe018a00ff00 00007ffde15f41d7
0x000000158a2ff4d0:   000000158a2ff710 00007ffde19693af
0x000000158a2ff4e0:   000000158a2ff560 00007ffde15f4f2d
0x000000158a2ff4f0:   00000006a179ee5c 00007ffde15fff00
0x000000158a2ff500:   00000006a179dc00 0000000000000002
0x000000158a2ff510:   0000000000000009 000000158a2ff710
0x000000158a2ff520:   00000006a179ee60 000001cf92b2db10
0x000000158a2ff530:   000000158a2ff710 00007ffde15eadfe
0x000000158a2ff540:   00000006a179ee00 00000006a179ee00
0x000000158a2ff550:   00000006a1000000 0000000000000600
0x000000158a2ff560:   00000000032e5ee7 0000000000000000
0x000000158a2ff570:   0000000000000009 000000158a2ff710
0x000000158a2ff580:   000001cf36bce1a0 00007ffde15f84ca
0x000000158a2ff590:   0000000000000002 000001cf36bce1a0
0x000000158a2ff5a0:   000000158a2ff710 00007ffde19693af
0x000000158a2ff5b0:   00000006a179dc00 0000000000000240
0x000000158a2ff5c0:   00007ffde1c93c40 0000000000000000
0x000000158a2ff5d0:   000001cf36bdf6d0 000001cf92b2db10
0x000000158a2ff5e0:   000000158a2ff760 00007ffde19693af
0x000000158a2ff5f0:   000001cf915eb200 000001cf42f15d00
0x000000158a2ff600:   000001cf36ba1ff0 00007ffde15fa1b9
0x000000158a2ff610:   0000000000000000 00007ffde1abfbce
0x000000158a2ff620:   0000000000000001 000001cf42f15cf7
0x000000158a2ff630:   0000000000000001 0000000000000000 

Instructions: (pc=0x00007ffde15ee9cb)
0x00007ffde15ee8cb:   bb b0 01 00 00 48 8b 73 10 44 8b b6 80 00 00 00
0x00007ffde15ee8db:   41 8b ce 8b 86 00 01 00 00 2b c8 81 e1 ff ff 01
0x00007ffde15ee8eb:   00 41 3b cf 0f 86 ed 02 00 00 41 ff ce 41 81 e6
0x00007ffde15ee8fb:   ff ff 01 00 44 89 b6 80 00 00 00 e8 a5 1a 37 00
0x00007ffde15ee90b:   90 41 8b d6 48 8b 86 80 01 00 00 41 8b ce 4a 8b
0x00007ffde15ee91b:   3c f0 8b 86 00 01 00 00 2b c8 81 e1 ff ff 01 00
0x00007ffde15ee92b:   81 f9 ff ff 01 00 41 0f 44 cc 85 c9 75 3d 90 44
0x00007ffde15ee93b:   89 75 0f 48 8b 86 00 01 00 00 48 8b c8 48 c1 e9
0x00007ffde15ee94b:   20 ff c1 89 4d 13 44 3b f0 0f 85 77 02 00 00 48
0x00007ffde15ee95b:   c1 e1 20 48 0b ca f0 48 0f b1 8e 00 01 00 00 0f
0x00007ffde15ee96b:   85 61 02 00 00 8b 86 00 01 00 00 40 f6 c7 01 0f
0x00007ffde15ee97b:   84 07 01 00 00 8b 0d e2 50 88 00 48 ff cf 48 8b
0x00007ffde15ee98b:   53 08 44 8b 17 49 d3 e2 8b 8a c0 05 00 00 4c 03
0x00007ffde15ee99b:   15 c0 50 88 00 48 8b 92 b0 05 00 00 49 8b c2 48
0x00007ffde15ee9ab:   d3 e8 48 8d 0c 40 0f b7 04 0a 66 89 45 77 0f b6
0x00007ffde15ee9bb:   44 0a 02 88 45 79 44 38 65 78 0f 8c 05 ff ff ff
0x00007ffde15ee9cb:   4d 8b 02 41 0f b6 c0 24 03 3c 03 75 06 49 83 e0
0x00007ffde15ee9db:   fc eb 24 0f b7 45 77 48 8d 55 d7 66 89 45 d7 4d
0x00007ffde15ee9eb:   8b c8 0f b6 45 79 4d 8b c2 48 8b cb 88 45 d9 e8
0x00007ffde15ee9fb:   81 eb ff ff 4c 8b c0 8b 0d 60 50 88 00 49 8b d0
0x00007ffde15eea0b:   48 2b 15 4e 50 88 00 48 d3 ea 89 17 48 8b d7 8b
0x00007ffde15eea1b:   0d e0 b8 8e 00 49 33 d0 48 d3 ea 48 85 d2 0f 84
0x00007ffde15eea2b:   a1 fe ff ff 48 8b 43 08 48 8b d7 8b 88 c0 05 00
0x00007ffde15eea3b:   00 4c 8b 88 b0 05 00 00 48 d3 ea 49 8d 04 51 48
0x00007ffde15eea4b:   03 d0 0f b7 02 66 89 45 e7 80 7d e8 fe 0f b6 42
0x00007ffde15eea5b:   02 88 45 e9 0f 84 6b fe ff ff 49 d3 e8 4b 8d 0c
0x00007ffde15eea6b:   41 42 0f b7 04 01 66 89 45 eb 42 0f b6 44 01 02
0x00007ffde15eea7b:   44 38 65 ec 88 45 ed e9 08 fe ff ff 40 f6 c7 03
0x00007ffde15eea8b:   0f 85 2f 01 00 00 48 8b 53 08 4c 8b 17 49 8b c2
0x00007ffde15eea9b:   8b 8a c0 05 00 00 48 8b 92 b0 05 00 00 48 d3 e8
0x00007ffde15eeaab:   48 8d 0c 40 0f b7 04 0a 66 89 45 7f 0f b6 44 0a
0x00007ffde15eeabb:   02 88 85 81 00 00 00 44 38 a5 80 00 00 00 0f 8c 


Stack slot to memory mapping:

stack at sp + 0 slots: 
[error occurred during error reporting (inspecting top of stack), id 0xc0000005, EXCEPTION_ACCESS_VIOLATION (0xc0000005) at pc=0x00007ffde15a9b51]
stack at sp + 1 slots: 0x000000158a2ff4b0 points into unknown readable memory: 0x00000006a1000001 | 01 00 00 a1 06 00 00 00
stack at sp + 2 slots: 0x000001cf92b2db10 points into unknown readable memory: 0x00007ffde1c92628 | 28 26 c9 e1 fd 7f 00 00
stack at sp + 3 slots: 0x000001cf36be91e0 points into unknown readable memory: 0x0000000000000000 | 00 00 00 00 00 00 00 00
stack at sp + 4 slots: 0x0000000000000001 is an unknown value
stack at sp + 5 slots: 0x000001cf4b60de00 points into unknown readable memory: 0x0000000800000007 | 07 00 00 00 08 00 00 00
stack at sp + 6 slots: 0x000001cf36bdf6d0 points into unknown readable memory: 0x00007ffde1c89ba0 | a0 9b c8 e1 fd 7f 00 00
stack at sp + 7 slots: 0x0000001500000006 is an unknown value


---------------  P R O C E S S  ---------------

Threads class SMR info:
_java_thread_list=0x000001cf9188be60, length=22, elements={
0x000001cf36bcbff0, 0x000001cf4b75adf0, 0x000001cf4b75dd20, 0x000001cf4b75eec0,
0x000001cf4b762ea0, 0x000001cf4b76d920, 0x000001cf4b76e380, 0x000001cf91005590,
0x000001cf91099320, 0x000001cf910fc230, 0x000001cf91141a20, 0x000001cf915dacc0,
0x000001cf915db590, 0x000001cf917bea30, 0x000001cf917ca220, 0x000001cf917f95f0,
0x000001cf9182c050, 0x000001cf9188c6e0, 0x000001cf9188ed60, 0x000001cf918952d0,
0x000001cf91bcc4d0, 0x000001cf91bccb60
}

Java Threads: ( => current thread )
  0x000001cf36bcbff0 JavaThread "main"                              [_thread_blocked, id=23472, stack(0x0000001588100000,0x0000001588200000) (1024K)]
  0x000001cf4b75adf0 JavaThread "Reference Handler"          daemon [_thread_blocked, id=16432, stack(0x0000001588900000,0x0000001588a00000) (1024K)]
  0x000001cf4b75dd20 JavaThread "Finalizer"                  daemon [_thread_blocked, id=18528, stack(0x0000001588a00000,0x0000001588b00000) (1024K)]
  0x000001cf4b75eec0 JavaThread "Signal Dispatcher"          daemon [_thread_blocked, id=9000, stack(0x0000001588b00000,0x0000001588c00000) (1024K)]
  0x000001cf4b762ea0 JavaThread "Attach Listener"            daemon [_thread_blocked, id=18500, stack(0x0000001588c00000,0x0000001588d00000) (1024K)]
  0x000001cf4b76d920 JavaThread "Service Thread"             daemon [_thread_blocked, id=3712, stack(0x0000001588d00000,0x0000001588e00000) (1024K)]
  0x000001cf4b76e380 JavaThread "Monitor Deflation Thread"   daemon [_thread_blocked, id=13956, stack(0x0000001588e00000,0x0000001588f00000) (1024K)]
  0x000001cf91005590 JavaThread "C1 CompilerThread0"         daemon [_thread_blocked, id=20272, stack(0x0000001588f00000,0x0000001589000000) (1024K)]
  0x000001cf91099320 JavaThread "Common-Cleaner"             daemon [_thread_blocked, id=16808, stack(0x0000001589000000,0x0000001589100000) (1024K)]
  0x000001cf910fc230 JavaThread "C1 CompilerThread1"         daemon [_thread_blocked, id=16952, stack(0x0000001589100000,0x0000001589200000) (1024K)]
  0x000001cf91141a20 JavaThread "Notification Thread"        daemon [_thread_blocked, id=17924, stack(0x0000001589200000,0x0000001589300000) (1024K)]
  0x000001cf915dacc0 JavaThread "C1 CompilerThread2"         daemon [_thread_blocked, id=19860, stack(0x0000001589300000,0x0000001589400000) (1024K)]
  0x000001cf915db590 JavaThread "C1 CompilerThread3"         daemon [_thread_blocked, id=11888, stack(0x0000001589400000,0x0000001589500000) (1024K)]
  0x000001cf917bea30 JavaThread "RMI TCP Accept-0"           daemon [_thread_in_native, id=22492, stack(0x0000001589500000,0x0000001589600000) (1024K)]
  0x000001cf917ca220 JavaThread "RMI TCP Accept-59554"       daemon [_thread_in_native, id=14472, stack(0x0000001589600000,0x0000001589700000) (1024K)]
  0x000001cf917f95f0 JavaThread "RMI TCP Accept-0"           daemon [_thread_in_native, id=13288, stack(0x0000001589700000,0x0000001589800000) (1024K)]
  0x000001cf9182c050 JavaThread "RMI TCP Connection(1)-127.0.0.1" daemon [_thread_in_native, id=6484, stack(0x0000001589800000,0x0000001589900000) (1024K)]
  0x000001cf9188c6e0 JavaThread "RMI Scheduler(0)"           daemon [_thread_blocked, id=10484, stack(0x0000001589900000,0x0000001589a00000) (1024K)]
  0x000001cf9188ed60 JavaThread "RMI TCP Connection(2)-127.0.0.1" daemon [_thread_in_native, id=18400, stack(0x0000001589a00000,0x0000001589b00000) (1024K)]
  0x000001cf918952d0 JavaThread "JMX server connection timeout 28" daemon [_thread_blocked, id=22464, stack(0x0000001589b00000,0x0000001589c00000) (1024K)]
  0x000001cf91bcc4d0 JavaThread "Thread-0"                          [_thread_blocked, id=21944, stack(0x000000158a300000,0x000000158a400000) (1024K)]
  0x000001cf91bccb60 JavaThread "restartedMain"                     [_thread_blocked, id=13776, stack(0x000000158a400000,0x000000158a500000) (1024K)]
Total: 22

Other Threads:
  0x000001cf4b742be0 VMThread "VM Thread"                           [id=3296, stack(0x0000001588800000,0x0000001588900000) (1024K)]
  0x000001cf4b732190 WatcherThread "VM Periodic Task Thread"        [id=16128, stack(0x0000001588700000,0x0000001588800000) (1024K)]
  0x000001cf36c4c110 WorkerThread "GC Thread#0"                     [id=7748, stack(0x0000001588200000,0x0000001588300000) (1024K)]
  0x000001cf918d12f0 WorkerThread "GC Thread#1"                     [id=16856, stack(0x0000001589c00000,0x0000001589d00000) (1024K)]
  0x000001cf918c8aa0 WorkerThread "GC Thread#2"                     [id=22920, stack(0x0000001589d00000,0x0000001589e00000) (1024K)]
  0x000001cf918d7bf0 WorkerThread "GC Thread#3"                     [id=14324, stack(0x0000001589e00000,0x0000001589f00000) (1024K)]
  0x000001cf918d7fa0 WorkerThread "GC Thread#4"                     [id=1824, stack(0x0000001589f00000,0x000000158a000000) (1024K)]
  0x000001cf918d8b60 WorkerThread "GC Thread#5"                     [id=1628, stack(0x000000158a000000,0x000000158a100000) (1024K)]
  0x000001cf918d8f10 WorkerThread "GC Thread#6"                     [id=23056, stack(0x000000158a100000,0x000000158a200000) (1024K)]
=>0x000001cf918d92c0 WorkerThread "GC Thread#7"                     [id=21784, stack(0x000000158a200000,0x000000158a300000) (1024K)]
  0x000001cf36c78950 ConcurrentGCThread "G1 Main Marker"            [id=8152, stack(0x0000001588300000,0x0000001588400000) (1024K)]
  0x000001cf36c79370 WorkerThread "G1 Conc#0"                       [id=16292, stack(0x0000001588400000,0x0000001588500000) (1024K)]
  0x000001cf921012b0 WorkerThread "G1 Conc#1"                       [id=17652, stack(0x000000158a500000,0x000000158a600000) (1024K)]
  0x000001cf4b6082e0 ConcurrentGCThread "G1 Refine#0"               [id=15388, stack(0x0000001588500000,0x0000001588600000) (1024K)]
  0x000001cf4b608c70 ConcurrentGCThread "G1 Service"                [id=18224, stack(0x0000001588600000,0x0000001588700000) (1024K)]
Total: 15

Threads with active compile tasks:
Total: 0

VM state: at safepoint (normal execution)

VM Mutex/Monitor currently owned by a thread:  ([mutex/lock_event])
[0x00007ffde1f03910] Threads_lock - owner thread: 0x000001cf4b742be0
[0x00007ffde1f03a10] Heap_lock - owner thread: 0x000001cf91bccb60

Heap address: 0x00000006a0c00000, size: 5620 MB, Compressed Oops mode: Zero based, Oop shift amount: 3

CDS archive(s) mapped at: [0x000001cf4c000000-0x000001cf4cd70000-0x000001cf4cd70000), size 14090240, SharedBaseAddress: 0x000001cf4c000000, ArchiveRelocationMode: 1.
Compressed class space mapped at: 0x000001cf4d000000-0x000001cf8d000000, reserved size: 1073741824
Narrow klass base: 0x000001cf4c000000, Narrow klass shift: 0, Narrow klass range: 0x41000000

GC Precious Log:
 CardTable entry size: 512
 Card Set container configuration: InlinePtr #cards 4 size 8 Array Of Cards #cards 32 size 80 Howl #buckets 8 coarsen threshold 7372 Howl Bitmap #cards 1024 size 144 coarsen threshold 921 Card regions per heap region 1 cards per card region 8192
 CPUs: 8 total, 8 available
 Memory: 22466M
 Large Page Support: Disabled
 NUMA Support: Disabled
 Compressed Oops: Enabled (Zero based)
 Heap Region Size: 4M
 Heap Min Capacity: 8M
 Heap Initial Capacity: 352M
 Heap Max Capacity: 5620M
 Pre-touch: Disabled
 Parallel Workers: 8
 Concurrent Workers: 2
 Concurrent Refinement Workers: 8
 Periodic GC: Disabled

Heap:
 garbage-first heap   total reserved 5754880K, committed 57344K, used 40815K [0x00000006a0c00000, 0x0000000800000000)
  region size 4096K, 7 young (28672K), 1 survivors (4096K)
 Metaspace       used 28421K, committed 28928K, reserved 1114112K
  class space    used 4074K, committed 4288K, reserved 1048576K

Heap Regions: E=young(eden), S=young(survivor), O=old, HS=humongous(starts), HC=humongous(continues), CS=collection set, F=free, TAMS=top-at-mark-start, PB=parsable bottom
|   0|0x00000006a0c00000, 0x00000006a1000000, 0x00000006a1000000|100%| O|  |TAMS 0x00000006a0c00000| PB 0x00000006a0c00000| Untracked |  0
|   1|0x00000006a1000000, 0x00000006a13641b8, 0x00000006a1400000| 84%| O|  |TAMS 0x00000006a1000000| PB 0x00000006a1000000| Untracked |  0
|   2|0x00000006a1400000, 0x00000006a1800000, 0x00000006a1800000|100%| O|  |TAMS 0x00000006a1400000| PB 0x00000006a1400000| Untracked |  0
|   3|0x00000006a1800000, 0x00000006a1ae66c8, 0x00000006a1c00000| 72%| O|  |TAMS 0x00000006a1800000| PB 0x00000006a1800000| Untracked |  0
|   4|0x00000006a1c00000, 0x00000006a1c00000, 0x00000006a2000000|  0%| F|  |TAMS 0x00000006a1c00000| PB 0x00000006a1c00000| Untracked |  0
|   5|0x00000006a2000000, 0x00000006a2000000, 0x00000006a2400000|  0%| F|  |TAMS 0x00000006a2000000| PB 0x00000006a2000000| Untracked |  0
|   6|0x00000006a2400000, 0x00000006a278d100, 0x00000006a2800000| 88%| S|  |TAMS 0x00000006a2400000| PB 0x00000006a2400000| Complete |  0
|   7|0x00000006a2800000, 0x00000006a2c00000, 0x00000006a2c00000|100%| E|CS|TAMS 0x00000006a2800000| PB 0x00000006a2800000| Complete |  0
|   8|0x00000006a2c00000, 0x00000006a2f24a50, 0x00000006a3000000| 78%| E|CS|TAMS 0x00000006a2c00000| PB 0x00000006a2c00000| Complete |  0
|   9|0x00000006a3000000, 0x00000006a3400000, 0x00000006a3400000|100%| E|CS|TAMS 0x00000006a3000000| PB 0x00000006a3000000| Complete |  0
|  10|0x00000006a3400000, 0x00000006a3800000, 0x00000006a3800000|100%| E|CS|TAMS 0x00000006a3400000| PB 0x00000006a3400000| Complete |  0
|  73|0x00000006b3000000, 0x00000006b3400000, 0x00000006b3400000|100%| E|CS|TAMS 0x00000006b3000000| PB 0x00000006b3000000| Complete |  0
|  74|0x00000006b3400000, 0x00000006b3800000, 0x00000006b3800000|100%| E|CS|TAMS 0x00000006b3400000| PB 0x00000006b3400000| Complete |  0
|  87|0x00000006b6800000, 0x00000006b6c00000, 0x00000006b6c00000|100%| E|CS|TAMS 0x00000006b6800000| PB 0x00000006b6800000| Complete |  0

Card table byte_map: [0x000001cf42f10000,0x000001cf43a10000] _byte_map_base: 0x000001cf3fa0a000

Marking Bits: (CMBitMap*) 0x000001cf36c4c730
 Bits: [0x000001cf43a10000, 0x000001cf491e0000)

Polling page: 0x000001cf34970000

Metaspace:

Usage:
  Non-class:     23.78 MB used.
      Class:      3.98 MB used.
       Both:     27.76 MB used.

Virtual space:
  Non-class space:       64.00 MB reserved,      24.06 MB ( 38%) committed,  1 nodes.
      Class space:        1.00 GB reserved,       4.19 MB ( <1%) committed,  1 nodes.
             Both:        1.06 GB reserved,      28.25 MB (  3%) committed. 

Chunk freelists:
   Non-Class:  7.78 MB
       Class:  11.72 MB
        Both:  19.50 MB

MaxMetaspaceSize: unlimited
CompressedClassSpaceSize: 1.00 GB
Initial GC threshold: 21.00 MB
Current GC threshold: 35.12 MB
CDS: on
 - commit_granule_bytes: 65536.
 - commit_granule_words: 8192.
 - virtual_space_node_default_size: 8388608.
 - enlarge_chunks_in_place: 1.
 - use_allocation_guard: 0.


Internal statistics:

num_allocs_failed_limit: 3.
num_arena_births: 590.
num_arena_deaths: 0.
num_vsnodes_births: 2.
num_vsnodes_deaths: 0.
num_space_committed: 452.
num_space_uncommitted: 0.
num_chunks_returned_to_freelist: 3.
num_chunks_taken_from_freelist: 1547.
num_chunk_merges: 3.
num_chunk_splits: 1031.
num_chunks_enlarged: 705.
num_inconsistent_stats: 0.

CodeCache: size=49152Kb used=8478Kb max_used=8478Kb free=40673Kb
 bounds [0x000001cf3f300000, 0x000001cf3fb50000, 0x000001cf42300000]
 total_blobs=5053, nmethods=4491, adapters=483, full_count=0
Compilation: enabled, stopped_count=0, restarted_count=0

Compilation events (20 events):
Event: 5.275 Thread 0x000001cf910fc230 4477       1       org.springframework.util.ConcurrentReferenceHashMap::putIfAbsent (8 bytes)
Event: 5.276 Thread 0x000001cf910fc230 nmethod 4477 0x000001cf3fb43b08 code [0x000001cf3fb43c60, 0x000001cf3fb441b8]
Event: 5.277 Thread 0x000001cf915dacc0 4478   !   1       org.springframework.util.ReflectionUtils::doWithLocalMethods (71 bytes)
Event: 5.278 Thread 0x000001cf915dacc0 nmethod 4478 0x000001cf3fb44208 code [0x000001cf3fb44360, 0x000001cf3fb44638]
Event: 5.278 Thread 0x000001cf915db590 4479       1       org.springframework.transaction.annotation.AnnotationTransactionAttributeSource::allowPublicMethodsOnly (5 bytes)
Event: 5.278 Thread 0x000001cf915db590 nmethod 4479 0x000001cf3fb44688 code [0x000001cf3fb447a0, 0x000001cf3fb44870]
Event: 5.279 Thread 0x000001cf915dacc0 4480       1       org.springframework.beans.factory.config.InstantiationAwareBeanPostProcessor::postProcessBeforeInstantiation (2 bytes)
Event: 5.279 Thread 0x000001cf915dacc0 nmethod 4480 0x000001cf3fb44988 code [0x000001cf3fb44aa0, 0x000001cf3fb44b70]
Event: 5.280 Thread 0x000001cf91005590 4481       1       org.springframework.beans.factory.config.InstantiationAwareBeanPostProcessor::postProcessAfterInstantiation (2 bytes)
Event: 5.280 Thread 0x000001cf91005590 nmethod 4481 0x000001cf3fb44c88 code [0x000001cf3fb44da0, 0x000001cf3fb44e68]
Event: 5.283 Thread 0x000001cf910fc230 4482       1       java.lang.reflect.Method::isDefault (28 bytes)
Event: 5.283 Thread 0x000001cf910fc230 nmethod 4482 0x000001cf3fb44f88 code [0x000001cf3fb450a0, 0x000001cf3fb451b8]
Event: 5.303 Thread 0x000001cf910fc230 4485       1       java.io.ObjectStreamClass::hasWriteObjectMethod (17 bytes)
Event: 5.303 Thread 0x000001cf910fc230 nmethod 4485 0x000001cf3fb45908 code [0x000001cf3fb45a20, 0x000001cf3fb45bb8]
Event: 5.309 Thread 0x000001cf915db590 4486       1       org.springframework.boot.context.properties.source.ConfigurationPropertyName::convertElement (87 bytes)
Event: 5.309 Thread 0x000001cf915db590 nmethod 4486 0x000001cf3fb45f08 code [0x000001cf3fb460a0, 0x000001cf3fb464a0]
Event: 5.312 Thread 0x000001cf91005590 4490  s    1       java.lang.invoke.MethodTypeForm::setCachedLambdaForm (44 bytes)
Event: 5.312 Thread 0x000001cf910fc230 4491       1       java.lang.invoke.InvokerBytecodeGenerator::emitReturnInsn (122 bytes)
Event: 5.313 Thread 0x000001cf91005590 nmethod 4490 0x000001cf3fb46b88 code [0x000001cf3fb46cc0, 0x000001cf3fb472a8]
Event: 5.313 Thread 0x000001cf910fc230 nmethod 4491 0x000001cf3fb47308 code [0x000001cf3fb47480, 0x000001cf3fb478b8]

GC Heap History (11 events):
Event: 1.103 GC heap before
{Heap before GC invocations=0 (full 0):
 garbage-first heap   total reserved 5754880K, committed 360448K, used 20480K [0x00000006a0c00000, 0x0000000800000000)
  region size 4096K, 6 young (24576K), 0 survivors (0K)
 Metaspace       used 6492K, committed 6784K, reserved 1114112K
  class space    used 822K, committed 960K, reserved 1048576K
}
Event: 1.110 GC heap after
{Heap after GC invocations=1 (full 0):
 garbage-first heap   total reserved 5754880K, committed 360448K, used 7437K [0x00000006a0c00000, 0x0000000800000000)
  region size 4096K, 1 young (4096K), 1 survivors (4096K)
 Metaspace       used 6492K, committed 6784K, reserved 1114112K
  class space    used 822K, committed 960K, reserved 1048576K
}
Event: 1.829 GC heap before
{Heap before GC invocations=1 (full 0):
 garbage-first heap   total reserved 5754880K, committed 360448K, used 27917K [0x00000006a0c00000, 0x0000000800000000)
  region size 4096K, 6 young (24576K), 1 survivors (4096K)
 Metaspace       used 10136K, committed 10432K, reserved 1114112K
  class space    used 1364K, committed 1472K, reserved 1048576K
}
Event: 1.833 GC heap after
{Heap after GC invocations=2 (full 0):
 garbage-first heap   total reserved 5754880K, committed 360448K, used 9423K [0x00000006a0c00000, 0x0000000800000000)
  region size 4096K, 1 young (4096K), 1 survivors (4096K)
 Metaspace       used 10136K, committed 10432K, reserved 1114112K
  class space    used 1364K, committed 1472K, reserved 1048576K
}
Event: 2.947 GC heap before
{Heap before GC invocations=2 (full 0):
 garbage-first heap   total reserved 5754880K, committed 360448K, used 50383K [0x00000006a0c00000, 0x0000000800000000)
  region size 4096K, 13 young (53248K), 1 survivors (4096K)
 Metaspace       used 21143K, committed 21504K, reserved 1114112K
  class space    used 2893K, committed 3072K, reserved 1048576K
}
Event: 2.953 GC heap after
{Heap after GC invocations=3 (full 0):
 garbage-first heap   total reserved 5754880K, committed 360448K, used 13423K [0x00000006a0c00000, 0x0000000800000000)
  region size 4096K, 2 young (8192K), 2 survivors (8192K)
 Metaspace       used 21143K, committed 21504K, reserved 1114112K
  class space    used 2893K, committed 3072K, reserved 1048576K
}
Event: 3.778 GC heap before
{Heap before GC invocations=4 (full 0):
 garbage-first heap   total reserved 5754880K, committed 57344K, used 37999K [0x00000006a0c00000, 0x0000000800000000)
  region size 4096K, 8 young (32768K), 2 survivors (8192K)
 Metaspace       used 22424K, committed 22784K, reserved 1114112K
  class space    used 3105K, committed 3264K, reserved 1048576K
}
Event: 3.784 GC heap after
{Heap after GC invocations=5 (full 0):
 garbage-first heap   total reserved 5754880K, committed 57344K, used 15033K [0x00000006a0c00000, 0x0000000800000000)
  region size 4096K, 1 young (4096K), 1 survivors (4096K)
 Metaspace       used 22424K, committed 22784K, reserved 1114112K
  class space    used 3105K, committed 3264K, reserved 1048576K
}
Event: 4.512 GC heap before
{Heap before GC invocations=5 (full 0):
 garbage-first heap   total reserved 5754880K, committed 57344K, used 35513K [0x00000006a0c00000, 0x0000000800000000)
  region size 4096K, 6 young (24576K), 1 survivors (4096K)
 Metaspace       used 25005K, committed 25472K, reserved 1114112K
  class space    used 3496K, committed 3712K, reserved 1048576K
}
Event: 4.516 GC heap after
{Heap after GC invocations=6 (full 0):
 garbage-first heap   total reserved 5754880K, committed 57344K, used 16239K [0x00000006a0c00000, 0x0000000800000000)
  region size 4096K, 1 young (4096K), 1 survivors (4096K)
 Metaspace       used 25005K, committed 25472K, reserved 1114112K
  class space    used 3496K, committed 3712K, reserved 1048576K
}
Event: 5.333 GC heap before
{Heap before GC invocations=6 (full 0):
 garbage-first heap   total reserved 5754880K, committed 57344K, used 40815K [0x00000006a0c00000, 0x0000000800000000)
  region size 4096K, 7 young (28672K), 1 survivors (4096K)
 Metaspace       used 28421K, committed 28928K, reserved 1114112K
  class space    used 4074K, committed 4288K, reserved 1048576K
}

Dll operation events (9 events):
Event: 0.014 Loaded shared library C:\Program Files\Java\jdk-23\bin\java.dll
Event: 0.240 Loaded shared library C:\Program Files\Java\jdk-23\bin\jimage.dll
Event: 0.251 Loaded shared library C:\Program Files\Java\jdk-23\bin\net.dll
Event: 0.254 Loaded shared library C:\Program Files\Java\jdk-23\bin\nio.dll
Event: 0.260 Loaded shared library C:\Program Files\Java\jdk-23\bin\zip.dll
Event: 0.395 Loaded shared library C:\Program Files\Java\jdk-23\bin\management.dll
Event: 0.416 Loaded shared library C:\Program Files\Java\jdk-23\bin\management_ext.dll
Event: 0.911 Loaded shared library C:\Program Files\Java\jdk-23\bin\extnet.dll
Event: 2.911 Loaded shared library C:\Program Files\Java\jdk-23\bin\sunmscapi.dll

Deoptimization events (0 events):
No events

Classes loaded (20 events):
Event: 4.971 Loading class javax/naming/NameNotFoundException
Event: 4.971 Loading class javax/naming/NameNotFoundException done
Event: 5.006 Loading class sun/invoke/util/ValueConversions$1
Event: 5.007 Loading class sun/invoke/util/ValueConversions$1 done
Event: 5.007 Loading class java/lang/invoke/BoundMethodHandle$Species_LI
Event: 5.007 Loading class java/lang/invoke/BoundMethodHandle$Species_LI done
Event: 5.067 Loading class java/lang/Class$EnclosingMethodInfo
Event: 5.067 Loading class java/lang/Class$EnclosingMethodInfo done
Event: 5.067 Loading class java/lang/reflect/AnnotatedType
Event: 5.067 Loading class java/lang/reflect/AnnotatedType done
Event: 5.161 Loading class java/nio/file/InvalidPathException
Event: 5.161 Loading class java/nio/file/InvalidPathException done
Event: 5.265 Loading class java/security/KeyStoreException
Event: 5.265 Loading class java/security/KeyStoreException done
Event: 5.265 Loading class java/security/UnrecoverableKeyException
Event: 5.265 Loading class java/security/UnrecoverableEntryException
Event: 5.265 Loading class java/security/UnrecoverableEntryException done
Event: 5.265 Loading class java/security/UnrecoverableKeyException done
Event: 5.277 Loading class java/util/function/ObjIntConsumer
Event: 5.277 Loading class java/util/function/ObjIntConsumer done

Classes unloaded (0 events):
No events

Classes redefined (0 events):
No events

Internal exceptions (20 events):
Event: 4.863 Thread 0x000001cf91bccb60 Exception <a 'java/lang/NoClassDefFoundError'{0x00000006b314c648}: org/flywaydb/core/Flyway> (0x00000006b314c648) 
thrown [s\open\src\hotspot\share\classfile\systemDictionary.cpp, line 302]
Event: 4.864 Thread 0x000001cf91bccb60 Exception <a 'java/lang/NoClassDefFoundError'{0x00000006b314e550}: liquibase/integration/spring/SpringLiquibase> (0x00000006b314e550) 
thrown [s\open\src\hotspot\share\classfile\systemDictionary.cpp, line 302]
Event: 4.881 Thread 0x000001cf91bccb60 Exception <a 'java/lang/NoClassDefFoundError'{0x00000006b31a4670}: org/jooq/DSLContext> (0x00000006b31a4670) 
thrown [s\open\src\hotspot\share\classfile\systemDictionary.cpp, line 302]
Event: 4.937 Thread 0x000001cf91bccb60 Exception <a 'java/lang/NoClassDefFoundError'{0x00000006a344afa0}: org/springframework/batch/core/repository/JobRepository> (0x00000006a344afa0) 
thrown [s\open\src\hotspot\share\classfile\systemDictionary.cpp, line 302]
Event: 4.937 Thread 0x000001cf91bccb60 Exception <a 'java/lang/NoClassDefFoundError'{0x00000006a344cc18}: org/quartz/Scheduler> (0x00000006a344cc18) 
thrown [s\open\src\hotspot\share\classfile\systemDictionary.cpp, line 302]
Event: 4.938 Thread 0x000001cf91bccb60 Exception <a 'java/lang/NoClassDefFoundError'{0x00000006a344edb0}: org/springframework/session/jdbc/JdbcIndexedSessionRepository> (0x00000006a344edb0) 
thrown [s\open\src\hotspot\share\classfile\systemDictionary.cpp, line 302]
Event: 5.000 Thread 0x000001cf91bccb60 Exception <a 'java/lang/NoSuchMethodError'{0x00000006a35e69f0}: 'void java.lang.invoke.DirectMethodHandle$Holder.invokeSpecial(java.lang.Object, java.lang.Object, java.lang.Object, java.lang.Object, java.lang.Object, java.lang.Object)'> (0x00000006a35e69f0) 
thrown [s\open\src\hotspot\share\interpreter\linkResolver.cpp, line 796]
Event: 5.006 Thread 0x000001cf91bccb60 Exception <a 'java/lang/NoSuchMethodError'{0x00000006a36267d8}: 'void java.lang.invoke.DirectMethodHandle$Holder.invokeVirtual(java.lang.Object, java.lang.Object, int)'> (0x00000006a36267d8) 
thrown [s\open\src\hotspot\share\interpreter\linkResolver.cpp, line 796]
Event: 5.009 Thread 0x000001cf91bccb60 Exception <a 'java/lang/NoSuchMethodError'{0x00000006a3638810}: 'java.lang.Object java.lang.invoke.DirectMethodHandle$Holder.invokeStatic(java.lang.Object, java.lang.Object, java.lang.Object, java.lang.Object, int)'> (0x00000006a3638810) 
thrown [s\open\src\hotspot\share\interpreter\linkResolver.cpp, line 796]
Event: 5.010 Thread 0x000001cf91bccb60 Exception <a 'java/lang/NoSuchMethodError'{0x00000006a363fd00}: 'void java.lang.invoke.DelegatingMethodHandle$Holder.reinvoke_L(java.lang.Object, java.lang.Object, int)'> (0x00000006a363fd00) 
thrown [s\open\src\hotspot\share\interpreter\linkResolver.cpp, line 796]
Event: 5.126 Thread 0x000001cf91bccb60 Exception <a 'java/lang/NoSuchMethodError'{0x00000006a3190f80}: 'java.lang.Object java.lang.invoke.DirectMethodHandle$Holder.invokeSpecialIFC(java.lang.Object, java.lang.Object, java.lang.Object)'> (0x00000006a3190f80) 
thrown [s\open\src\hotspot\share\interpreter\linkResolver.cpp, line 796]
Event: 5.143 Thread 0x000001cf91bccb60 Exception <a 'java/lang/NoSuchMethodError'{0x00000006a31f3b90}: 'java.lang.Object java.lang.invoke.DirectMethodHandle$Holder.invokeVirtual(java.lang.Object, java.lang.Object, java.lang.Object, java.lang.Object, java.lang.Object)'> (0x00000006a31f3b90) 
thrown [s\open\src\hotspot\share\interpreter\linkResolver.cpp, line 796]
Event: 5.241 Thread 0x000001cf91bccb60 Exception <a 'java/lang/NoSuchMethodError'{0x00000006a2938bc8}: 'java.lang.Object java.lang.invoke.DirectMethodHandle$Holder.invokeVirtual(java.lang.Object, java.lang.Object, java.lang.Object, java.lang.Object, java.lang.Object, java.lang.Object)'> (0x00000006a2938bc8) 
thrown [s\open\src\hotspot\share\interpreter\linkResolver.cpp, line 796]
Event: 5.295 Thread 0x000001cf91bccb60 Exception <a 'java/lang/NoSuchMethodError'{0x00000006a2a8d178}: 'void java.lang.invoke.DirectMethodHandle$Holder.invokeInterface(java.lang.Object, java.lang.Object, int)'> (0x00000006a2a8d178) 
thrown [s\open\src\hotspot\share\interpreter\linkResolver.cpp, line 796]
Event: 5.301 Thread 0x000001cf91bccb60 Exception <a 'java/lang/IncompatibleClassChangeError'{0x00000006a2ad1600}: Found class java.lang.Object, but interface was expected> (0x00000006a2ad1600) 
thrown [s\open\src\hotspot\share\interpreter\linkResolver.cpp, line 863]
Event: 5.309 Thread 0x000001cf91bccb60 Exception <a 'java/lang/NoSuchMethodError'{0x00000006a2b1aa28}: 'int java.lang.invoke.DirectMethodHandle$Holder.invokeSpecial(java.lang.Object, java.lang.Object, int)'> (0x00000006a2b1aa28) 
thrown [s\open\src\hotspot\share\interpreter\linkResolver.cpp, line 796]
Event: 5.311 Thread 0x000001cf91bccb60 Exception <a 'java/lang/NoSuchMethodError'{0x00000006a2b29eb0}: 'void java.lang.invoke.DirectMethodHandle$Holder.invokeStatic(java.lang.Object, java.lang.Object, java.lang.Object, int, java.lang.Object)'> (0x00000006a2b29eb0) 
thrown [s\open\src\hotspot\share\interpreter\linkResolver.cpp, line 796]
Event: 5.312 Thread 0x000001cf91bccb60 Exception <a 'java/lang/NoSuchMethodError'{0x00000006a2b30890}: 'java.lang.Object java.lang.invoke.DirectMethodHandle$Holder.newInvokeSpecial(java.lang.Object, java.lang.Object, java.lang.Object, int)'> (0x00000006a2b30890) 
thrown [s\open\src\hotspot\share\interpreter\linkResolver.cpp, line 796]
Event: 5.312 Thread 0x000001cf91bccb60 Exception <a 'java/lang/NoSuchMethodError'{0x00000006a2b34728}: 'java.lang.Object java.lang.invoke.DirectMethodHandle$Holder.invokeSpecial(java.lang.Object, java.lang.Object, java.lang.Object, java.lang.Object, int)'> (0x00000006a2b34728) 
thrown [s\open\src\hotspot\share\interpreter\linkResolver.cpp, line 796]
Event: 5.312 Thread 0x000001cf91bccb60 Exception <a 'java/lang/NoSuchMethodError'{0x00000006a2b37bd8}: 'java.lang.Object java.lang.invoke.Invokers$Holder.linkToTargetMethod(java.lang.Object, java.lang.Object, int, java.lang.Object)'> (0x00000006a2b37bd8) 
thrown [s\open\src\hotspot\share\interpreter\linkResolver.cpp, line 796]

VM Operations (20 events):
Event: 2.966 Executing VM operation: G1PauseCleanup done
Event: 3.778 Executing VM operation: G1CollectForAllocation (G1 Evacuation Pause)
Event: 3.784 Executing VM operation: G1CollectForAllocation (G1 Evacuation Pause) done
Event: 4.265 Executing VM operation: HandshakeAllThreads (Deoptimize)
Event: 4.265 Executing VM operation: HandshakeAllThreads (Deoptimize) done
Event: 4.266 Executing VM operation: HandshakeAllThreads (Deoptimize)
Event: 4.266 Executing VM operation: HandshakeAllThreads (Deoptimize) done
Event: 4.276 Executing VM operation: HandshakeAllThreads (Deoptimize)
Event: 4.276 Executing VM operation: HandshakeAllThreads (Deoptimize) done
Event: 4.372 Executing VM operation: HandshakeAllThreads (Deoptimize)
Event: 4.372 Executing VM operation: HandshakeAllThreads (Deoptimize) done
Event: 4.435 Executing VM operation: HandshakeAllThreads (Deoptimize)
Event: 4.435 Executing VM operation: HandshakeAllThreads (Deoptimize) done
Event: 4.512 Executing VM operation: G1CollectForAllocation (G1 Evacuation Pause)
Event: 4.516 Executing VM operation: G1CollectForAllocation (G1 Evacuation Pause) done
Event: 4.745 Executing VM operation: HandshakeAllThreads (Deoptimize)
Event: 4.745 Executing VM operation: HandshakeAllThreads (Deoptimize) done
Event: 5.025 Executing VM operation: HandshakeAllThreads (Deoptimize)
Event: 5.025 Executing VM operation: HandshakeAllThreads (Deoptimize) done
Event: 5.333 Executing VM operation: G1CollectForAllocation (G1 Evacuation Pause)

Memory protections (0 events):
No events

Nmethod flushes (0 events):
No events

Events (20 events):
Event: 0.063 Thread 0x000001cf36bcbff0 Thread added: 0x000001cf4b76e380
Event: 0.063 Thread 0x000001cf36bcbff0 Thread added: 0x000001cf91005590
Event: 0.195 Thread 0x000001cf36bcbff0 Thread added: 0x000001cf91099320
Event: 0.208 Thread 0x000001cf91005590 Thread added: 0x000001cf910fc230
Event: 0.230 Thread 0x000001cf36bcbff0 Thread added: 0x000001cf91141a20
Event: 0.683 Thread 0x000001cf91005590 Thread added: 0x000001cf915dacc0
Event: 0.683 Thread 0x000001cf91005590 Thread added: 0x000001cf915db590
Event: 0.917 Thread 0x000001cf36bcbff0 Thread added: 0x000001cf917bea30
Event: 0.936 Thread 0x000001cf36bcbff0 Thread added: 0x000001cf917ca220
Event: 0.974 Thread 0x000001cf36bcbff0 Thread added: 0x000001cf917f95f0
Event: 1.031 Thread 0x000001cf917ca220 Thread added: 0x000001cf9182c050
Event: 1.051 Thread 0x000001cf9182c050 Thread added: 0x000001cf9188c6e0
Event: 1.055 Thread 0x000001cf917bea30 Thread added: 0x000001cf9188ed60
Event: 1.079 Thread 0x000001cf9188ed60 Thread added: 0x000001cf918952d0
Event: 1.482 Thread 0x000001cf36bcbff0 Thread added: 0x000001cf91bcc4d0
Event: 1.486 Thread 0x000001cf91bcc4d0 Thread added: 0x000001cf91bccb60
Event: 2.276 Thread 0x000001cf91bccb60 Thread added: 0x000001cf91bc9d70
Event: 2.885 Thread 0x000001cf91bccb60 Thread added: 0x000001cf91bcd1f0
Event: 2.917 Thread 0x000001cf91bc9d70 Thread exited: 0x000001cf91bc9d70
Event: 3.032 Thread 0x000001cf91bcd1f0 Thread exited: 0x000001cf91bcd1f0


Dynamic libraries:
0x00007ff60fc50000 - 0x00007ff60fc60000 	C:\Program Files\Java\jdk-23\bin\javaw.exe
0x00007ffe943f0000 - 0x00007ffe945e8000 	C:\Windows\SYSTEM32\ntdll.dll
0x00007ffe92e70000 - 0x00007ffe92f32000 	C:\Windows\System32\KERNEL32.DLL
0x00007ffe92120000 - 0x00007ffe92416000 	C:\Windows\System32\KERNELBASE.dll
0x00007ffe91bb0000 - 0x00007ffe91cb0000 	C:\Windows\System32\ucrtbase.dll
0x00007ffe8c850000 - 0x00007ffe8c867000 	C:\Program Files\Java\jdk-23\bin\jli.dll
0x00007ffe93220000 - 0x00007ffe933bd000 	C:\Windows\System32\USER32.dll
0x00007ffe8c810000 - 0x00007ffe8c82b000 	C:\Program Files\Java\jdk-23\bin\VCRUNTIME140.dll
0x00007ffe90f20000 - 0x00007ffe911ba000 	C:\Windows\WinSxS\amd64_microsoft.windows.common-controls_6595b64144ccf1df_6.0.19041.5794_none_60bcd33171f2783c\COMCTL32.dll
0x00007ffe91fc0000 - 0x00007ffe91fe2000 	C:\Windows\System32\win32u.dll
0x00007ffe93f80000 - 0x00007ffe9401e000 	C:\Windows\System32\msvcrt.dll
0x00007ffe94380000 - 0x00007ffe943ab000 	C:\Windows\System32\GDI32.dll
0x00007ffe91a90000 - 0x00007ffe91baa000 	C:\Windows\System32\gdi32full.dll
0x00007ffe91d30000 - 0x00007ffe91dcd000 	C:\Windows\System32\msvcp_win.dll
0x00007ffe936c0000 - 0x00007ffe936ef000 	C:\Windows\System32\IMM32.DLL
0x00007ffe8a1e0000 - 0x00007ffe8a1ec000 	C:\Program Files\Java\jdk-23\bin\vcruntime140_1.dll
0x00007ffe7bd30000 - 0x00007ffe7bdbe000 	C:\Program Files\Java\jdk-23\bin\msvcp140.dll
0x00007ffde1290000 - 0x00007ffde1fdf000 	C:\Program Files\Java\jdk-23\bin\server\jvm.dll
0x00007ffe92420000 - 0x00007ffe924cf000 	C:\Windows\System32\ADVAPI32.dll
0x00007ffe93180000 - 0x00007ffe9321f000 	C:\Windows\System32\sechost.dll
0x00007ffe93420000 - 0x00007ffe93543000 	C:\Windows\System32\RPCRT4.dll
0x00007ffe91d00000 - 0x00007ffe91d27000 	C:\Windows\System32\bcrypt.dll
0x00007ffe92f40000 - 0x00007ffe92fab000 	C:\Windows\System32\WS2_32.dll
0x00007ffe91680000 - 0x00007ffe916cb000 	C:\Windows\SYSTEM32\POWRPROF.dll
0x00007ffe85620000 - 0x00007ffe85647000 	C:\Windows\SYSTEM32\WINMM.dll
0x00007ffe8e710000 - 0x00007ffe8e71a000 	C:\Windows\SYSTEM32\VERSION.dll
0x00007ffe911c0000 - 0x00007ffe911d2000 	C:\Windows\SYSTEM32\UMPDC.dll
0x00007ffe8eaa0000 - 0x00007ffe8eab2000 	C:\Windows\SYSTEM32\kernel.appcore.dll
0x00007ffe8a1d0000 - 0x00007ffe8a1da000 	C:\Program Files\Java\jdk-23\bin\jimage.dll
0x00007ffe91470000 - 0x00007ffe91671000 	C:\Windows\SYSTEM32\DBGHELP.DLL
0x00007ffe913b0000 - 0x00007ffe913e4000 	C:\Windows\SYSTEM32\dbgcore.DLL
0x00007ffe91dd0000 - 0x00007ffe91e52000 	C:\Windows\System32\bcryptPrimitives.dll
0x00007ffe802c0000 - 0x00007ffe802de000 	C:\Program Files\Java\jdk-23\bin\java.dll
0x00007ffe941f0000 - 0x00007ffe9431b000 	C:\Windows\System32\ole32.dll
0x00007ffe92ab0000 - 0x00007ffe92e03000 	C:\Windows\System32\combase.dll
0x00007ffe93810000 - 0x00007ffe93f7e000 	C:\Windows\System32\SHELL32.dll
0x00007ffe8eda0000 - 0x00007ffe8f543000 	C:\Windows\SYSTEM32\windows.storage.dll
0x00007ffe90ce0000 - 0x00007ffe90d0b000 	C:\Windows\SYSTEM32\Wldp.dll
0x00007ffe94030000 - 0x00007ffe940fd000 	C:\Windows\System32\OLEAUT32.dll
0x00007ffe93610000 - 0x00007ffe936bd000 	C:\Windows\System32\SHCORE.dll
0x00007ffe94320000 - 0x00007ffe94375000 	C:\Windows\System32\shlwapi.dll
0x00007ffe919c0000 - 0x00007ffe919e5000 	C:\Windows\SYSTEM32\profapi.dll
0x00007ffe8a1c0000 - 0x00007ffe8a1d0000 	C:\Program Files\Java\jdk-23\bin\net.dll
0x00007ffe90c30000 - 0x00007ffe90c9c000 	C:\Windows\system32\mswsock.dll
0x00007ffe802a0000 - 0x00007ffe802b6000 	C:\Program Files\Java\jdk-23\bin\nio.dll
0x00007ffe7bd10000 - 0x00007ffe7bd27000 	C:\Program Files\Java\jdk-23\bin\zip.dll
0x00007ffe80290000 - 0x00007ffe8029a000 	C:\Program Files\Java\jdk-23\bin\management.dll
0x00007ffe7bd00000 - 0x00007ffe7bd0b000 	C:\Program Files\Java\jdk-23\bin\management_ext.dll
0x00007ffe94020000 - 0x00007ffe94028000 	C:\Windows\System32\PSAPI.DLL
0x00007ffe5f170000 - 0x00007ffe5f187000 	C:\Windows\system32\napinsp.dll
0x00007ffe5e9b0000 - 0x00007ffe5e9cb000 	C:\Windows\system32\pnrpnsp.dll
0x00007ffe8d450000 - 0x00007ffe8d46d000 	C:\Windows\system32\wshbth.dll
0x00007ffe8c570000 - 0x00007ffe8c58d000 	C:\Windows\system32\NLAapi.dll
0x00007ffe907b0000 - 0x00007ffe907eb000 	C:\Windows\SYSTEM32\IPHLPAPI.DLL
0x00007ffe90810000 - 0x00007ffe908da000 	C:\Windows\SYSTEM32\DNSAPI.dll
0x00007ffe92aa0000 - 0x00007ffe92aa8000 	C:\Windows\System32\NSI.dll
0x00007ffe5b9f0000 - 0x00007ffe5ba02000 	C:\Windows\System32\winrnr.dll
0x00007ffe893e0000 - 0x00007ffe893ea000 	C:\Windows\System32\rasadhlp.dll
0x00007ffe81e30000 - 0x00007ffe81eb0000 	C:\Windows\System32\fwpuclnt.dll
0x00007ffe91800000 - 0x00007ffe91818000 	C:\Windows\SYSTEM32\CRYPTSP.dll
0x00007ffe90440000 - 0x00007ffe90478000 	C:\Windows\system32\rsaenh.dll
0x00007ffe91980000 - 0x00007ffe919ae000 	C:\Windows\SYSTEM32\USERENV.dll
0x00007ffe90d40000 - 0x00007ffe90d4c000 	C:\Windows\SYSTEM32\CRYPTBASE.dll
0x00007ffe7bcf0000 - 0x00007ffe7bcf9000 	C:\Program Files\Java\jdk-23\bin\extnet.dll
0x00007ffe7b950000 - 0x00007ffe7b95e000 	C:\Program Files\Java\jdk-23\bin\sunmscapi.dll
0x00007ffe91e60000 - 0x00007ffe91fbd000 	C:\Windows\System32\CRYPT32.dll
0x00007ffe90e00000 - 0x00007ffe90e27000 	C:\Windows\SYSTEM32\ncrypt.dll
0x00007ffe90dc0000 - 0x00007ffe90dfb000 	C:\Windows\SYSTEM32\NTASN1.dll

dbghelp: loaded successfully - version: 4.0.5 - missing functions: none
symbol engine: initialized successfully - sym options: 0x614 - pdb path: .;C:\Program Files\Java\jdk-23\bin;C:\Windows\SYSTEM32;C:\Windows\WinSxS\amd64_microsoft.windows.common-controls_6595b64144ccf1df_6.0.19041.5794_none_60bcd33171f2783c;C:\Program Files\Java\jdk-23\bin\server

VM Arguments:
jvm_args: -Dcom.sun.management.jmxremote -Dcom.sun.management.jmxremote.port=59554 -Dcom.sun.management.jmxremote.authenticate=false -Dcom.sun.management.jmxremote.ssl=false -Djava.rmi.server.hostname=localhost -Dspring.jmx.enabled=true -Dmanagement.endpoints.jmx.exposure.include=* -Dspring.application.admin.enabled=true -Dspring.output.ansi.enabled=always -XX:TieredStopAtLevel=1 -Dspring.boot.project.name=api-sample -Dfile.encoding=UTF-8 -Dstdout.encoding=UTF-8 -Dstderr.encoding=UTF-8 -XX:+ShowCodeDetailsInExceptionMessages 
java_command: br.edu.atitus.api_sample.ApiSampleApplication
java_class_path (initial): C:\Users\notga\OneDrive\Área de Trabalho\falcudade\API-Java-SpringBoot\api-sample\target\classes;C:\Users\notga\.m2\repository\org\springframework\boot\spring-boot-starter-web\3.5.0\spring-boot-starter-web-3.5.0.jar;C:\Users\notga\.m2\repository\org\springframework\boot\spring-boot-starter\3.5.0\spring-boot-starter-3.5.0.jar;C:\Users\notga\.m2\repository\org\springframework\boot\spring-boot-starter-logging\3.5.0\spring-boot-starter-logging-3.5.0.jar;C:\Users\notga\.m2\repository\ch\qos\logback\logback-classic\1.5.18\logback-classic-1.5.18.jar;C:\Users\notga\.m2\repository\ch\qos\logback\logback-core\1.5.18\logback-core-1.5.18.jar;C:\Users\notga\.m2\repository\org\apache\logging\log4j\log4j-to-slf4j\2.24.3\log4j-to-slf4j-2.24.3.jar;C:\Users\notga\.m2\repository\org\apache\logging\log4j\log4j-api\2.24.3\log4j-api-2.24.3.jar;C:\Users\notga\.m2\repository\org\slf4j\jul-to-slf4j\2.0.17\jul-to-slf4j-2.0.17.jar;C:\Users\notga\.m2\repository\jakarta\annotation\jakarta.annotation-api\2.1.1\jakarta.annotation-api-2.1.1.jar;C:\Users\notga\.m2\repository\org\yaml\snakeyaml\2.4\snakeyaml-2.4.jar;C:\Users\notga\.m2\repository\org\springframework\boot\spring-boot-starter-json\3.5.0\spring-boot-starter-json-3.5.0.jar;C:\Users\notga\.m2\repository\com\fasterxml\jackson\core\jackson-databind\2.19.0\jackson-databind-2.19.0.jar;C:\Users\notga\.m2\repository\com\fasterxml\jackson\core\jackson-annotations\2.19.0\jackson-annotations-2.19.0.jar;C:\Users\notga\.m2\repository\com\fasterxml\jackson\core\jackson-core\2.19.0\jackson-core-2.19.0.jar;C:\Users\notga\.m2\repository\com\fasterxml\jackson\datatype\jackson-datatype-jdk8\2.19.0\jackson-datatype-jdk8-2.19.0.jar;C:\Users\notga\.m2\repository\com\fasterxml\jackson\datatype\jackson-datatype-jsr310\2.19.0\jackson-datatype-jsr310-2.19.0.jar;C:\Users\notga\.m2\repository\com\fasterxml\jackson\module\jackson-module-parameter-names\2.19.0\jackson-module-parameter-names-2.19.0.jar;C:\Users\notga\.m2\repository\org\springframework\boot\spring-boot-starter-tomcat\3.5.0\spring-boot-starter-tomcat-3.5.0.jar;C:\Users\notga\.m2\repository\org\apache\tomcat\embed\tomcat-embed-core\10.1.41\tomcat-embed-core-10.1.41.jar;C:\Users\notga\.m2\repository\org\apache\tomcat\embed\tomcat-embed-el\10.1.41\tomcat-embed-el-10.1.41.jar;C:\Users\notga\.m2\repository\org\apache\tomcat\embed\tomcat-embed-websocket\10.1.41\tomcat-embed-websocket-10.1.41.jar;C:\Users\notga\.m2\repository\org\springframework\spring-web\6.2.7\spring-web-6.2.7.jar;C:\Users\notga\.m2\repository\org\springframework\spring-beans\6.2.7\spring-beans-6.2.7.jar;C:\Users\notga\.m2\repository\io\micrometer\micrometer-observation\1.15.0\micrometer-observation-1.15.0.jar;C:\Users\notga\.m2\repository\io\micrometer\micrometer-commons\1.15.0\micrometer-commons-1.15.0.jar;C:\Users\notga\.m2\repository\org\springframework\spring-webmvc\6.2.7\spring-webmvc-6.2.7.jar;C:\Users\notga\.m2\repository\org\springframework\spring-context\6.2.7\spring-context-6.2.7.jar;C:\Users\notga\.m2\repository\org\springframework\spring-expression\6.2.7\spring-expression-6.2.7.jar;C:\Users\notga\.m2\repository\org\springframework\boot\spring-boot-devtools\3.5.0\spring-boot-devtools-3.5.0.jar;C:\Users\notga\.m2\repository\org\springframework\boot\spring-boot\3.5.0\spring-boot-3.5.0.jar;C:\Users\notga\.m2\repository\org\springframework\boot\spring-boot-autoconfigure\3.5.0\spring-boot-autoconfigure-3.5.0.jar;C:\Users\notga\.m2\repository\org\springframework\boot\spring-boot-starter-data-jpa\3.5.0\spring-boot-starter-data-jpa-3.5.0.jar;C:\Users\notga\.m2\repository\org\springframework\boot\spring-boot-starter-jdbc\3.5.0\spring-boot-starter-jdbc-3.5.0.jar;C:\Users\notga\.m2\repository\com\zaxxer\HikariCP\6.3.0\HikariCP-6.3.0.jar;C:\Users\notga\.m2\repository\org\springframework\spring-jdbc\6.2.7\spring-jdbc-6.2.7.jar;C:\Users\notga\.m2\repository\org\hibernate\orm\hibernate-core\6.6.15.Final\hibernate-core-6.6.15.Final.jar;C:\Users\notga\.m2\repository\jakarta\persistence\jakarta.persistence-api\3.1.0\jakarta.persistence-api-3.1.0.jar;C:\Users\notga\.m2\repository\jakarta\transaction\jakarta.transaction-api\2.0.1\jakarta.transaction-api-2.0.1.jar;C:\Users\notga\.m2\repository\org\jboss\logging\jboss-logging\3.6.1.Final\jboss-logging-3.6.1.Final.jar;C:\Users\notga\.m2\repository\org\hibernate\common\hibernate-commons-annotations\7.0.3.Final\hibernate-commons-annotations-7.0.3.Final.jar;C:\Users\notga\.m2\repository\io\smallrye\jandex\3.2.0\jandex-3.2.0.jar;C:\Users\notga\.m2\repository\com\fasterxml\classmate\1.7.0\classmate-1.7.0.jar;C:\Users\notga\.m2\repository\net\bytebuddy\byte-buddy\1.17.5\byte-buddy-1.17.5.jar;C:\Users\notga\.m2\repository\org\glassfish\jaxb\jaxb-runtime\4.0.5\jaxb-runtime-4.0.5.jar;C:\Users\notga\.m2\repository\org\glassfish\jaxb\jaxb-core\4.0.5\jaxb-core-4.0.5.jar;C:\Users\notga\.m2\repository\org\eclipse\angus\angus-activation\2.0.2\angus-activation-2.0.2.jar;C:\Users\notga\.m2\repository\org\glassfish\jaxb\txw2\4.0.5\txw2-4.0.5.jar;C:\Users\notga\.m2\repository\com\sun\istack\istack-commons-runtime\4.1.2\istack-commons-runtime-4.1.2.jar;C:\Users\notga\.m2\repository\jakarta\inject\jakarta.inject-api\2.0.1\jakarta.inject-api-2.0.1.jar;C:\Users\notga\.m2\repository\org\antlr\antlr4-runtime\4.13.0\antlr4-runtime-4.13.0.jar;C:\Users\notga\.m2\repository\org\springframework\data\spring-data-jpa\3.5.0\spring-data-jpa-3.5.0.jar;C:\Users\notga\.m2\repository\org\springframework\data\spring-data-commons\3.5.0\spring-data-commons-3.5.0.jar;C:\Users\notga\.m2\repository\org\springframework\spring-orm\6.2.7\spring-orm-6.2.7.jar;C:\Users\notga\.m2\repository\org\springframework\spring-tx\6.2.7\spring-tx-6.2.7.jar;C:\Users\notga\.m2\repository\org\slf4j\slf4j-api\2.0.17\slf4j-api-2.0.17.jar;C:\Users\notga\.m2\repository\org\springframework\spring-aspects\6.2.7\spring-aspects-6.2.7.jar;C:\Users\notga\.m2\repository\org\aspectj\aspectjweaver\1.9.24\aspectjweaver-1.9.24.jar;C:\Users\notga\.m2\repository\org\postgresql\postgresql\42.7.5\postgresql-42.7.5.jar;C:\Users\notga\.m2\repository\org\checkerframework\checker-qual\3.48.3\checker-qual-3.48.3.jar;C:\Users\notga\.m2\repository\jakarta\xml\bind\jakarta.xml.bind-api\4.0.2\jakarta.xml.bind-api-4.0.2.jar;C:\Users\notga\.m2\repository\jakarta\activation\jakarta.activation-api\2.1.3\jakarta.activation-api-2.1.3.jar;C:\Users\notga\.m2\repository\org\springframework\spring-core\6.2.7\spring-core-6.2.7.jar;C:\Users\notga\.m2\repository\org\springframework\spring-jcl\6.2.7\spring-jcl-6.2.7.jar;C:\Users\notga\.m2\repository\org\springframework\boot\spring-boot-starter-security\3.5.0\spring-boot-starter-security-3.5.0.jar;C:\Users\notga\.m2\repository\org\springframework\spring-aop\6.2.7\spring-aop-6.2.7.jar;C:\Users\notga\.m2\repository\org\springframework\security\spring-security-config\6.5.0\spring-security-config-6.5.0.jar;C:\Users\notga\.m2\repository\org\springframework\security\spring-security-web\6.5.0\spring-security-web-6.5.0.jar;C:\Users\notga\.m2\repository\org\springframework\security\spring-security-core\6.5.0\spring-security-core-6.5.0.jar;C:\Users\notga\.m2\repository\org\springframework\security\spring-security-crypto\6.5.0\spring-security-crypto-6.5.0.jar
Launcher Type: SUN_STANDARD

[Global flags]
     intx CICompilerCount                          = 4                                         {product} {ergonomic}
     uint ConcGCThreads                            = 2                                         {product} {ergonomic}
     uint G1ConcRefinementThreads                  = 8                                         {product} {ergonomic}
   size_t G1HeapRegionSize                         = 4194304                                   {product} {ergonomic}
   size_t InitialHeapSize                          = 369098752                                 {product} {ergonomic}
     bool ManagementServer                         = true                                      {product} {command line}
   size_t MarkStackSize                            = 4194304                                   {product} {ergonomic}
   size_t MarkStackSizeMax                         = 536870912                                 {product} {ergonomic}
   size_t MaxHeapSize                              = 5892997120                                {product} {ergonomic}
   size_t MaxNewSize                               = 3535798272                                {product} {ergonomic}
   size_t MinHeapDeltaBytes                        = 4194304                                   {product} {ergonomic}
   size_t MinHeapSize                              = 8388608                                   {product} {ergonomic}
    uintx NonNMethodCodeHeapSize                   = 4096                                   {pd product} {ergonomic}
    uintx NonProfiledCodeHeapSize                  = 0                                      {pd product} {ergonomic}
     bool ProfileInterpreter                       = false                                  {pd product} {command line}
    uintx ProfiledCodeHeapSize                     = 0                                      {pd product} {ergonomic}
     bool ShowCodeDetailsInExceptionMessages       = true                                   {manageable} {command line}
   size_t SoftMaxHeapSize                          = 5892997120                             {manageable} {ergonomic}
     intx TieredStopAtLevel                        = 1                                         {product} {command line}
     bool UseCompressedOops                        = true                           {product lp64_product} {ergonomic}
     bool UseG1GC                                  = true                                      {product} {ergonomic}
     bool UseLargePagesIndividualAllocation        = false                                  {pd product} {ergonomic}

Logging:
Log output configuration:
 #0: stdout all=warning uptime,level,tags foldmultilines=false
 #1: stderr all=off uptime,level,tags foldmultilines=false

Environment Variables:
JAVA_HOME=C:\Program Files\Java\jdk-24
PATH=C:/Users/notga/OneDrive/Documentos/eclipse//plugins/org.eclipse.justj.openjdk.hotspot.jre.full.win32.x86_64_21.0.6.v20250130-0529/jre/bin/server;C:/Users/notga/OneDrive/Documentos/eclipse//plugins/org.eclipse.justj.openjdk.hotspot.jre.full.win32.x86_64_21.0.6.v20250130-0529/jre/bin;c:\Users\notga\AppData\Local\Programs\cursor\resources\app\bin;C:\Program Files\Common Files\Oracle\Java\javapath;C:\Windows\system32;C:\Windows;C:\Windows\System32\Wbem;C:\Windows\System32\WindowsPowerShell\v1.0\;C:\Windows\System32\OpenSSH\;C:\Program Files (x86)\NVIDIA Corporation\PhysX\Common;C:\Program Files\NVIDIA Corporation\NVIDIA App\NvDLISR;C:\Program Files\Git\cmd;C:\Program Files\PuTTY\;C:\Program Files\nodejs\;C:\Users\notga\.cargo\bin;C:\Users\notga\AppData\Local\Programs\Python\Python311\Scripts\;C:\Users\notga\AppData\Local\Programs\Python\Python311\;C:\Users\notga\AppData\Local\Programs\Python\Launcher\;C:\Users\notga\AppData\Local\Microsoft\WindowsApps;C:\Users\notga\AppData\Roaming\npm;c:\Users\notga\AppData\Local\Programs\cursor\resources\app\bin;c:\Users\notga\AppData\Local\Programs\cursor\resources\app\bin;C:\Program Files\Java\jdk-24\bin;C:\Users\notga\.cargo\bin;C:\Users\notga\AppData\Local\Programs\Python\Python311\Scripts\;C:\Users\notga\AppData\Local\Programs\Python\Python311\;C:\Users\notga\AppData\Local\Programs\Python\Launcher\;C:\Users\notga\AppData\Local\Microsoft\WindowsApps;C:\Users\notga\AppData\Local\Programs\Microsoft VS Code\bin;C:\Users\notga\AppData\Roaming\npm;C:\Users\notga\AppData\Local\GitHubDesktop\bin;C:\Users\notga\OneDrive\Documentos\eclipse;
USERNAME=notga
OS=Windows_NT
PROCESSOR_IDENTIFIER=AMD64 Family 23 Model 24 Stepping 1, AuthenticAMD
TMP=C:\Users\notga\AppData\Local\Temp
TEMP=C:\Users\notga\AppData\Local\Temp




Periodic native trim disabled

---------------  S Y S T E M  ---------------

OS:
 Windows 10 , 64 bit Build 19041 (10.0.19041.5794)
OS uptime: 0 days 2:05 hours
Hyper-V role detected

CPU: total 8 (initial active 8) (8 cores per cpu, 2 threads per core) family 23 model 24 stepping 1 microcode 0x0, cx8, cmov, fxsr, ht, mmx, 3dnowpref, sse, sse2, sse3, ssse3, sse4a, sse4.1, sse4.2, popcnt, lzcnt, tsc, tscinvbit, avx, avx2, aes, clmul, bmi1, bmi2, adx, sha, fma, vzeroupper, clflush, clflushopt, hv, rdtscp, f16c
Processor Information for the first 8 processors :
  Max Mhz: 2100, Current Mhz: 2100, Mhz Limit: 2100

Memory: 4k page, system-wide physical 22466M (7669M free)
TotalPageFile size 33039M (AvailPageFile size 5482M)
current process WorkingSet (physical memory assigned to process): 144M, peak: 144M
current process commit charge ("private bytes"): 191M, peak: 478M

vm_info: Java HotSpot(TM) 64-Bit Server VM (23.0.1+11-39) for windows-amd64 JRE (23.0.1+11-39), built on 2024-09-30T07:20:43Z with MS VC++ 17.6 (VS2022)

END.
