#
# A fatal error has been detected by the Java Runtime Environment:
#
#  EXCEPTION_ACCESS_VIOLATION (0xc0000005) at pc=0x00007ffee18e3116, pid=29440, tid=25680
#
# JRE version: OpenJDK Runtime Environment Temurin-21.0.6+7 (21.0.6+7) (build 21.0.6+7-LTS)
# Java VM: OpenJDK 64-Bit Server VM Temurin-21.0.6+7 (21.0.6+7-LTS, mixed mode, sharing, tiered, compressed oops, compressed class ptrs, parallel gc, windows-amd64)
# Problematic frame:
# V  [jvm.dll+0x683116]
#
# No core dump will be written. Minidumps are not enabled by default on client versions of Windows
#
# If you would like to submit a bug report, please visit:
#   https://github.com/adoptium/adoptium-support/issues
#

---------------  S U M M A R Y ------------

Command Line: --add-modules=ALL-SYSTEM --add-opens=java.base/java.util=ALL-UNNAMED --add-opens=java.base/java.lang=ALL-UNNAMED --add-opens=java.base/sun.nio.fs=ALL-UNNAMED -Declipse.application=org.eclipse.jdt.ls.core.id1 -Dosgi.bundles.defaultStartLevel=4 -Declipse.product=org.eclipse.jdt.ls.core.product -Djava.import.generatesMetadataFilesAtProjectRoot=false -DDetectVMInstallationsJob.disabled=true -Dfile.encoding=utf8 -XX:+UseParallelGC -XX:GCTimeRatio=4 -XX:AdaptiveSizePolicyWeight=90 -Dsun.zip.disableMemoryMapping=true -Xmx1G -Xms100m -Xlog:disable -javaagent:c:\Users\notga\.cursor\extensions\redhat.java-1.41.1-win32-x64\lombok\lombok-1.18.36.jar c:\Users\notga\.cursor\extensions\redhat.java-1.41.1-win32-x64\server\plugins\org.eclipse.equinox.launcher_1.7.0.v20250331-1702.jar -configuration c:\Users\notga\AppData\Roaming\Cursor\User\globalStorage\redhat.java\1.41.1\config_ss_win -data c:\Users\notga\AppData\Roaming\Cursor\User\workspaceStorage\07b7d63fb51278bd63225f0252f0c45b\redhat.java\ss_ws --pipe=\\.\pipe\lsp-93d50580f3df0edcae37d1238b987b7b-sock

Host: AMD Ryzen 5 3550H with Radeon Vega Mobile Gfx  , 8 cores, 21G,  Windows 10 , 64 bit Build 19041 (10.0.19041.5915)
Time: Wed Jun 18 21:32:13 2025 Hora oficial do Brasil elapsed time: 42.627241 seconds (0d 0h 0m 42s)

---------------  T H R E A D  ---------------

Current thread (0x000002537accf740):  VMThread "VM Thread"          [id=25680, stack(0x000000d9d1e00000,0x000000d9d1f00000) (1024K)]

Stack: [0x000000d9d1e00000,0x000000d9d1f00000],  sp=0x000000d9d1efe750,  free space=1017k
Native frames: (J=compiled Java code, j=interpreted, Vv=VM code, C=native code)
V  [jvm.dll+0x683116]
V  [jvm.dll+0x682fd0]
V  [jvm.dll+0x3bf97d]
V  [jvm.dll+0x5ac2bc]
V  [jvm.dll+0x708c7c]
V  [jvm.dll+0x7081f6]
V  [jvm.dll+0x707dbd]
V  [jvm.dll+0x23ecec]
V  [jvm.dll+0x381035]
V  [jvm.dll+0x8b0cff]
V  [jvm.dll+0x8b2084]
V  [jvm.dll+0x8b25c0]
V  [jvm.dll+0x8b2863]
V  [jvm.dll+0x851f8b]
V  [jvm.dll+0x6cc5ed]
C  [ucrtbase.dll+0x21bb2]
C  [KERNEL32.DLL+0x17374]
C  [ntdll.dll+0x4cc91]


siginfo: EXCEPTION_ACCESS_VIOLATION (0xc0000005), reading address 0x0000000200000098


Registers:
RAX=0x0000025354c689b0, RBX=0x000002537ac86510, RCX=0x0000000200000000, RDX=0x0000000000000000
RSP=0x000000d9d1efe750, RBP=0x0000000000000000, RSI=0x0000000000000004, RDI=0x0000000000000001
R8 =0x0000000000000003, R9 =0x000002537ac85b10, R10=0x0000000000000000, R11=0x0000000000000246
R12=0x000002537ac86440, R13=0x000002537ac86818, R14=0x0000000000000000, R15=0x000002537ac86430
RIP=0x00007ffee18e3116, EFLAGS=0x0000000000010246

XMM[0]=0x0000000000000000 0x0000000000000000
XMM[1]=0x0000000000000000 0x0000000000000000
XMM[2]=0x0000000000000000 0x0000000000000000
XMM[3]=0x0000000000000000 0x0000000000000000
XMM[4]=0x0000000000000000 0x0000000000000000
XMM[5]=0x0000000000000000 0x0000000000000000
XMM[6]=0x0000000000000000 0x0000000000000000
XMM[7]=0x0000000000000000 0x404e000000000000
XMM[8]=0x0000000000000000 0x0000000000000000
XMM[9]=0x0000000000000000 0x0000000000000000
XMM[10]=0x0000000000000000 0x0000000000000000
XMM[11]=0x0000000000000000 0x0000000000000000
XMM[12]=0x0000000000000000 0x0000000000000000
XMM[13]=0x0000000000000000 0x0000000000000000
XMM[14]=0x0000000000000000 0x0000000000000000
XMM[15]=0x0000000000000000 0x0000000000000000
  MXCSR=0x00001fa0


Register to memory mapping:

RAX=0x0000025354c689b0 is pointing into metadata
RBX=0x000002537ac86510 points into unknown readable memory: 0x00007ffee1c60a00 | 00 0a c6 e1 fe 7f 00 00
RCX=0x0000000200000000 is an unknown value
RDX=0x0 is null
RSP=0x000000d9d1efe750 points into unknown readable memory: 0x0000025354c689b0 | b0 89 c6 54 53 02 00 00
RBP=0x0 is null
RSI=0x0000000000000004 is an unknown value
RDI=0x0000000000000001 is an unknown value
R8 =0x0000000000000003 is an unknown value
R9 =0x000002537ac85b10 points into unknown readable memory: 0x0000000000000002 | 02 00 00 00 00 00 00 00
R10=0x0 is null
R11=0x0000000000000246 is an unknown value
R12=0x000002537ac86440 points into unknown readable memory: 0x00007ffee1c60a00 | 00 0a c6 e1 fe 7f 00 00
R13=0x000002537ac86818 points into unknown readable memory: 0x100beabdc9300914 | 14 09 30 c9 bd ea 0b 10
R14=0x0 is null
R15=0x000002537ac86430 points into unknown readable memory: 0x0000000000000000 | 00 00 00 00 00 00 00 00

Top of Stack: (sp=0x000000d9d1efe750)
0x000000d9d1efe750:   0000025354c689b0 0000025354c686c0
0x000000d9d1efe760:   000002537ac86430 0000000000000000
0x000000d9d1efe770:   0000000000000000 00007ffee18e2fd0
0x000000d9d1efe780:   0000025354c686c0 00000000000002b8
0x000000d9d1efe790:   000002537ac85b10 000002537ac86510
0x000000d9d1efe7a0:   00007ffee1cd8940 00007ffee1481600
0x000000d9d1efe7b0:   00007ffee1cc6058 0000000000000060
0x000000d9d1efe7c0:   0000000000000000 0000000000000000
0x000000d9d1efe7d0:   0000025354c686c0 00007ffee161f97d
0x000000d9d1efe7e0:   00000000000003d8 0000000000000000
0x000000d9d1efe7f0:   000000000000000c 000002531209a4d8
0x000000d9d1efe800:   0000000000000000 000002537aa9c350
0x000000d9d1efe810:   000002531209a2c0 0000000000000001
0x000000d9d1efe820:   000000d9d1efe8a8 00007ffee180c2bc
0x000000d9d1efe830:   000002531209a4d8 000000d9d1efe8a8
0x000000d9d1efe840:   000002531209a4d8 00007ffee158778b
0x000000d9d1efe850:   00007ffee1cc6058 00000000000001fe
0x000000d9d1efe860:   ffffffffffffff00 0000000000000004
0x000000d9d1efe870:   000000000000008d 0000000000000000
0x000000d9d1efe880:   0000000000000000 000002535919fec0
0x000000d9d1efe890:   0000000000000000 0000000000000000
0x000000d9d1efe8a0:   000002537aaa0890 00007ffee1e98380
0x000000d9d1efe8b0:   000000d9d1efe9c0 00007ffee1968c7c
0x000000d9d1efe8c0:   000000d9d1efef20 0000000000000001
0x000000d9d1efe8d0:   000002537ac15200 00007ffee1e98380
0x000000d9d1efe8e0:   0000000000000000 00007ffee19242cb
0x000000d9d1efe8f0:   00007ffee1c69550 00007ffee1e98380
0x000000d9d1efe900:   0000000000000000 000000000000009a
0x000000d9d1efe910:   00007ffee1c6d370 3f19454b63aba100
0x000000d9d1efe920:   00007ffee1c86a80 000002000000000b
0x000000d9d1efe930:   000000d900000002 00007ffee1eebf70
0x000000d9d1efe940:   0000000000000002 00007ffee1eebfe0 

Instructions: (pc=0x00007ffee18e3116)
0x00007ffee18e3016:   48 8d 88 08 01 00 00 48 03 ce e8 0b 0d 00 00 48
0x00007ffee18e3026:   8b c8 48 8b d8 48 8b 10 ff 52 68 33 c9 84 c0 48
0x00007ffee18e3036:   0f 45 cb 48 85 c9 74 0d 48 8b 01 41 0f b6 d6 ff
0x00007ffee18e3046:   90 80 00 00 00 48 8d 05 ee 58 3f 00 44 88 74 24
0x00007ffee18e3056:   28 48 8d 54 24 20 48 89 44 24 20 48 8b ce e8 87
0x00007ffee18e3066:   fc ff ff 49 83 3f 00 74 13 48 8b d7 48 8b cd e8
0x00007ffee18e3076:   c6 26 a4 ff 49 8b cf e8 9e 26 a4 ff 4c 39 65 18
0x00007ffee18e3086:   74 0c 4c 89 7d 10 4c 89 65 18 4c 89 6d 20 48 8b
0x00007ffee18e3096:   5c 24 68 48 8b 6c 24 70 48 8b 74 24 78 48 83 c4
0x00007ffee18e30a6:   30 41 5f 41 5e 41 5d 41 5c 5f c3 cc cc cc cc cc
0x00007ffee18e30b6:   cc cc cc cc cc cc cc cc cc cc 48 89 5c 24 10 48
0x00007ffee18e30c6:   89 6c 24 18 48 89 7c 24 20 41 56 48 83 ec 20 45
0x00007ffee18e30d6:   33 f6 0f b6 ea 44 39 35 2e 77 5a 00 48 8b d9 41
0x00007ffee18e30e6:   8b fe 0f 86 80 00 00 00 48 89 74 24 30 be 02 00
0x00007ffee18e30f6:   00 00 0f 1f 84 00 00 00 00 00 48 8b 43 08 48 63
0x00007ffee18e3106:   ce 48 8b 4c c8 08 48 85 c9 74 4b 40 84 ed 75 10
0x00007ffee18e3116:   48 8b 89 98 00 00 00 e8 2e e5 b9 ff 84 c0 75 36
0x00007ffee18e3126:   48 8b 43 08 4c 89 70 08 48 63 c7 48 8d 0c 00 48
0x00007ffee18e3136:   8b 43 08 4c 89 74 c8 18 48 8b 43 08 4c 89 74 c8
0x00007ffee18e3146:   20 48 8b cb 48 8b 03 ff 50 28 84 c0 75 08 48 8b
0x00007ffee18e3156:   43 08 4c 89 70 10 ff c7 83 c6 02 3b 3d a9 76 5a
0x00007ffee18e3166:   00 72 97 48 8b 74 24 30 48 8b 5c 24 38 48 8b 6c
0x00007ffee18e3176:   24 40 48 8b 7c 24 48 48 83 c4 20 41 5e c3 cc cc
0x00007ffee18e3186:   cc cc cc cc cc cc cc cc cc cc 48 89 5c 24 08 57
0x00007ffee18e3196:   48 83 ec 20 48 8b 01 48 8b f9 4c 63 49 08 4c 8b
0x00007ffee18e31a6:   40 08 4b 8b 5c c8 08 48 8b cb 48 83 e1 fc 74 27
0x00007ffee18e31b6:   84 d2 75 10 48 8b 89 98 00 00 00 e8 8a e4 b9 ff
0x00007ffee18e31c6:   84 c0 75 13 48 8b 07 83 e3 03 48 63 57 08 48 8b
0x00007ffee18e31d6:   48 08 48 89 5c d1 08 48 8b 5c 24 30 48 83 c4 20
0x00007ffee18e31e6:   5f c3 cc cc cc cc cc cc cc cc 48 89 5c 24 18 48
0x00007ffee18e31f6:   89 74 24 20 41 56 48 83 ec 20 33 db 44 0f b6 f2
0x00007ffee18e3206:   48 8b f1 39 59 10 7e 6f 48 89 6c 24 30 48 89 7c 


Stack slot to memory mapping:

stack at sp + 0 slots: 0x0000025354c689b0 is pointing into metadata
stack at sp + 1 slots: 0x0000025354c686c0 is pointing into metadata
stack at sp + 2 slots: 0x000002537ac86430 points into unknown readable memory: 0x0000000000000000 | 00 00 00 00 00 00 00 00
stack at sp + 3 slots: 0x0 is null
stack at sp + 4 slots: 0x0 is null
stack at sp + 5 slots: 0x00007ffee18e2fd0 jvm.dll
stack at sp + 6 slots: 0x0000025354c686c0 is pointing into metadata
stack at sp + 7 slots: 0x00000000000002b8 is an unknown value

VM_Operation (0x000000d9d30f2f50): CollectForMetadataAllocation, mode: safepoint, requested by thread 0x00000253580cdf40


---------------  P R O C E S S  ---------------

Threads class SMR info:
_java_thread_list=0x0000025358c515c0, length=20, elements={
0x000002537ac132e0, 0x00000253521af430, 0x00000253521b0d30, 0x00000253521b2ec0,
0x00000253521b5be0, 0x00000253521b68f0, 0x00000253521b8350, 0x00000253521b9180,
0x00000253521fded0, 0x000002537ac7cfc0, 0x0000025353daf0c0, 0x000002535857dc90,
0x00000253586557e0, 0x00000253580cdf40, 0x000002535875a9a0, 0x00000253587efbb0,
0x00000253587f15f0, 0x00000253587f0240, 0x00000253587f2310, 0x00000253587f08d0
}

Java Threads: ( => current thread )
  0x000002537ac132e0 JavaThread "main"                              [_thread_blocked, id=21396, stack(0x000000d9d1b00000,0x000000d9d1c00000) (1024K)]
  0x00000253521af430 JavaThread "Reference Handler"          daemon [_thread_blocked, id=17596, stack(0x000000d9d1f00000,0x000000d9d2000000) (1024K)]
  0x00000253521b0d30 JavaThread "Finalizer"                  daemon [_thread_blocked, id=26148, stack(0x000000d9d2000000,0x000000d9d2100000) (1024K)]
  0x00000253521b2ec0 JavaThread "Signal Dispatcher"          daemon [_thread_blocked, id=22112, stack(0x000000d9d2100000,0x000000d9d2200000) (1024K)]
  0x00000253521b5be0 JavaThread "Attach Listener"            daemon [_thread_blocked, id=20268, stack(0x000000d9d2200000,0x000000d9d2300000) (1024K)]
  0x00000253521b68f0 JavaThread "Service Thread"             daemon [_thread_blocked, id=1948, stack(0x000000d9d2300000,0x000000d9d2400000) (1024K)]
  0x00000253521b8350 JavaThread "Monitor Deflation Thread"   daemon [_thread_blocked, id=22936, stack(0x000000d9d2400000,0x000000d9d2500000) (1024K)]
  0x00000253521b9180 JavaThread "C2 CompilerThread0"         daemon [_thread_blocked, id=6796, stack(0x000000d9d2500000,0x000000d9d2600000) (1024K)]
  0x00000253521fded0 JavaThread "C1 CompilerThread0"         daemon [_thread_blocked, id=26000, stack(0x000000d9d2600000,0x000000d9d2700000) (1024K)]
  0x000002537ac7cfc0 JavaThread "Common-Cleaner"             daemon [_thread_blocked, id=17232, stack(0x000000d9d2700000,0x000000d9d2800000) (1024K)]
  0x0000025353daf0c0 JavaThread "Notification Thread"        daemon [_thread_blocked, id=19640, stack(0x000000d9d2800000,0x000000d9d2900000) (1024K)]
  0x000002535857dc90 JavaThread "Active Thread: Equinox Container: 28841492-e6f0-49c7-91fe-457eb85b093c"        [_thread_blocked, id=22660, stack(0x000000d9d3500000,0x000000d9d3600000) (1024K)]
  0x00000253586557e0 JavaThread "Framework Event Dispatcher: Equinox Container: 28841492-e6f0-49c7-91fe-457eb85b093c" daemon [_thread_blocked, id=16436, stack(0x000000d9d2900000,0x000000d9d2a00000) (1024K)]
  0x00000253580cdf40 JavaThread "Start Level: Equinox Container: 28841492-e6f0-49c7-91fe-457eb85b093c" daemon [_thread_blocked, id=23176, stack(0x000000d9d3000000,0x000000d9d3100000) (1024K)]
  0x000002535875a9a0 JavaThread "Refresh Thread: Equinox Container: 28841492-e6f0-49c7-91fe-457eb85b093c" daemon [_thread_blocked, id=28684, stack(0x000000d9d3300000,0x000000d9d3400000) (1024K)]
  0x00000253587efbb0 JavaThread "SCR Component Actor"        daemon [_thread_blocked, id=15072, stack(0x000000d9d3e00000,0x000000d9d3f00000) (1024K)]
  0x00000253587f15f0 JavaThread "SCR Component Registry"     daemon [_thread_blocked, id=22476, stack(0x000000d9d3100000,0x000000d9d3200000) (1024K)]
  0x00000253587f0240 JavaThread "Worker-JM"                         [_thread_blocked, id=18384, stack(0x000000d9d3d00000,0x000000d9d3e00000) (1024K)]
  0x00000253587f2310 JavaThread "Worker-0"                          [_thread_blocked, id=9096, stack(0x000000d9d3f00000,0x000000d9d4000000) (1024K)]
  0x00000253587f08d0 JavaThread "Worker-1"                          [_thread_blocked, id=2044, stack(0x000000d9d4000000,0x000000d9d4100000) (1024K)]
Total: 20

Other Threads:
=>0x000002537accf740 VMThread "VM Thread"                           [id=25680, stack(0x000000d9d1e00000,0x000000d9d1f00000) (1024K)]
  0x000002537ac7c070 WatcherThread "VM Periodic Task Thread"        [id=28364, stack(0x000000d9d1d00000,0x000000d9d1e00000) (1024K)]
  0x000002537ac314c0 WorkerThread "GC Thread#0"                     [id=25532, stack(0x000000d9d1c00000,0x000000d9d1d00000) (1024K)]
  0x00000253584ff420 WorkerThread "GC Thread#1"                     [id=27628, stack(0x000000d9d2a00000,0x000000d9d2b00000) (1024K)]
  0x00000253584393c0 WorkerThread "GC Thread#2"                     [id=16484, stack(0x000000d9d2b00000,0x000000d9d2c00000) (1024K)]
  0x0000025358439760 WorkerThread "GC Thread#3"                     [id=16292, stack(0x000000d9d2c00000,0x000000d9d2d00000) (1024K)]
  0x0000025358439b00 WorkerThread "GC Thread#4"                     [id=5776, stack(0x000000d9d2d00000,0x000000d9d2e00000) (1024K)]
  0x0000025358439ea0 WorkerThread "GC Thread#5"                     [id=29088, stack(0x000000d9d2e00000,0x000000d9d2f00000) (1024K)]
  0x00000253587361a0 WorkerThread "GC Thread#6"                     [id=29220, stack(0x000000d9d2f00000,0x000000d9d3000000) (1024K)]
  0x00000253521fd250 WorkerThread "GC Thread#7"                     [id=4384, stack(0x000000d9d3200000,0x000000d9d3300000) (1024K)]
Total: 10

Threads with active compile tasks:
Total: 0

VM state: at safepoint (normal execution)

VM Mutex/Monitor currently owned by a thread:  ([mutex/lock_event])
[0x00007ffee1f0e380] Threads_lock - owner thread: 0x000002537accf740
[0x00007ffee1f0e480] Heap_lock - owner thread: 0x00000253580cdf40

Heap address: 0x00000000c0000000, size: 1024 MB, Compressed Oops mode: 32-bit

CDS archive(s) mapped at: [0x0000025311000000-0x0000025311ba0000-0x0000025311ba0000), size 12189696, SharedBaseAddress: 0x0000025311000000, ArchiveRelocationMode: 1.
Compressed class space mapped at: 0x0000025312000000-0x0000025352000000, reserved size: 1073741824
Narrow klass base: 0x0000025311000000, Narrow klass shift: 0, Narrow klass range: 0x100000000

GC Precious Log:
 CardTable entry size: 512
 CPUs: 8 total, 8 available
 Memory: 22466M
 Large Page Support: Disabled
 NUMA Support: Disabled
 Compressed Oops: Enabled (32-bit)
 Alignments: Space 512K, Generation 512K, Heap 2M
 Heap Min Capacity: 100M
 Heap Initial Capacity: 100M
 Heap Max Capacity: 1G
 Pre-touch: Disabled
 Parallel Workers: 8

Heap:
 PSYoungGen      total 27648K, used 2843K [0x00000000eab00000, 0x00000000ecc00000, 0x0000000100000000)
  eden space 24576K, 0% used [0x00000000eab00000,0x00000000eab00000,0x00000000ec300000)
  from space 3072K, 92% used [0x00000000ec400000,0x00000000ec6c6db8,0x00000000ec700000)
  to   space 4608K, 0% used [0x00000000ec780000,0x00000000ec780000,0x00000000ecc00000)
 ParOldGen       total 68608K, used 9547K [0x00000000c0000000, 0x00000000c4300000, 0x00000000eab00000)
  object space 68608K, 13% used [0x00000000c0000000,0x00000000c0952e18,0x00000000c4300000)
 Metaspace       used 20909K, committed 21504K, reserved 1114112K
  class space    used 1931K, committed 2240K, reserved 1048576K

Card table byte_map: [0x000002537f8e0000,0x000002537faf0000] _byte_map_base: 0x000002537f2e0000

Marking Bits: (ParMarkBitMap*) 0x00007ffee1f13260
 Begin Bits: [0x000002530f000000, 0x0000025310000000)
 End Bits:   [0x0000025310000000, 0x0000025311000000)

Polling page: 0x000002537f6d0000

Metaspace:

Usage:
  Non-class:     18.53 MB used.
      Class:      1.89 MB used.
       Both:     20.42 MB used.

Virtual space:
  Non-class space:       64.00 MB reserved,      18.81 MB ( 29%) committed,  1 nodes.
      Class space:        1.00 GB reserved,       2.19 MB ( <1%) committed,  1 nodes.
             Both:        1.06 GB reserved,      21.00 MB (  2%) committed. 

Chunk freelists:
   Non-Class:  12.25 MB
       Class:  13.80 MB
        Both:  26.05 MB

MaxMetaspaceSize: unlimited
CompressedClassSpaceSize: 1.00 GB
Initial GC threshold: 21.00 MB
Current GC threshold: 21.00 MB
CDS: on
 - commit_granule_bytes: 65536.
 - commit_granule_words: 8192.
 - virtual_space_node_default_size: 8388608.
 - enlarge_chunks_in_place: 1.
 - use_allocation_guard: 0.


Internal statistics:

num_allocs_failed_limit: 5.
num_arena_births: 442.
num_arena_deaths: 0.
num_vsnodes_births: 2.
num_vsnodes_deaths: 0.
num_space_committed: 336.
num_space_uncommitted: 0.
num_chunks_returned_to_freelist: 5.
num_chunks_taken_from_freelist: 1154.
num_chunk_merges: 5.
num_chunk_splits: 781.
num_chunks_enlarged: 521.
num_inconsistent_stats: 0.

CodeHeap 'non-profiled nmethods': size=120000Kb used=1606Kb max_used=1606Kb free=118394Kb
 bounds [0x0000025307ad0000, 0x0000025307d40000, 0x000002530f000000]
CodeHeap 'profiled nmethods': size=120000Kb used=6972Kb max_used=6972Kb free=113027Kb
 bounds [0x0000025300000000, 0x00000253006d0000, 0x0000025307530000]
CodeHeap 'non-nmethods': size=5760Kb used=1303Kb max_used=1346Kb free=4456Kb
 bounds [0x0000025307530000, 0x00000253077a0000, 0x0000025307ad0000]
 total_blobs=3986 nmethods=3403 adapters=489
 compilation: enabled
              stopped_count=0, restarted_count=0
 full_count=0

Compilation events (20 events):
Event: 40.591 Thread 0x00000253521fded0 nmethod 3395 0x00000253006cdc10 code [0x00000253006cddc0, 0x00000253006cdf60]
Event: 40.591 Thread 0x00000253521fded0 3396       3       org.lombokweb.asm.MethodVisitor::visitJumpInsn (17 bytes)
Event: 40.591 Thread 0x00000253521fded0 nmethod 3396 0x00000253006ce010 code [0x00000253006ce1c0, 0x00000253006ce3c8]
Event: 40.602 Thread 0x00000253521b9180 nmethod 3392 0x0000025307c4b910 code [0x0000025307c4bb40, 0x0000025307c4c418]
Event: 40.602 Thread 0x00000253521b9180 3393       4       org.lombokweb.asm.MethodVisitor::<init> (79 bytes)
Event: 40.603 Thread 0x00000253521b9180 nmethod 3393 0x0000025307c4cb90 code [0x0000025307c4cd20, 0x0000025307c4cdf0]
Event: 40.753 Thread 0x00000253521b9180 3397       4       org.lombokweb.asm.MethodWriter::computeMethodInfoSize (571 bytes)
Event: 40.759 Thread 0x00000253521fded0 3398       3       org.lombokweb.asm.ByteVector::putByteArray (49 bytes)
Event: 40.760 Thread 0x00000253521fded0 nmethod 3398 0x00000253006ce490 code [0x00000253006ce660, 0x00000253006ce928]
Event: 40.768 Thread 0x00000253521b9180 nmethod 3397 0x0000025307c4ce90 code [0x0000025307c4d140, 0x0000025307c4d908]
Event: 40.769 Thread 0x00000253521b9180 3400       4       org.lombokweb.asm.ClassReader::readMethod (1070 bytes)
Event: 40.838 Thread 0x00000253521fded0 3402       3       java.util.concurrent.locks.AbstractQueuedSynchronizer::casTail (13 bytes)
Event: 40.838 Thread 0x00000253521fded0 nmethod 3402 0x00000253006cea90 code [0x00000253006cec20, 0x00000253006ced60]
Event: 41.799 Thread 0x00000253521b9180 nmethod 3400 0x0000025307c4e390 code [0x0000025307c4ef60, 0x0000025307c57f68]
Event: 41.799 Thread 0x00000253521b9180 3399       4       org.lombokweb.asm.MethodWriter::hasFrames (13 bytes)
Event: 41.800 Thread 0x00000253521b9180 nmethod 3399 0x0000025307c5dd90 code [0x0000025307c5df20, 0x0000025307c5dfb8]
Event: 41.800 Thread 0x00000253521b9180 3401       4       org.lombokweb.asm.ClassWriter::visitMethod (57 bytes)
Event: 41.850 Thread 0x00000253521b9180 nmethod 3401 0x0000025307c5e090 code [0x0000025307c5e420, 0x0000025307c60338]
Event: 41.860 Thread 0x00000253521fded0 3404       3       java.util.concurrent.locks.LockSupport::setCurrentBlocker (14 bytes)
Event: 41.861 Thread 0x00000253521fded0 nmethod 3404 0x00000253006cee10 code [0x00000253006cefc0, 0x00000253006cf1e8]

GC Heap History (15 events):
Event: 2.692 GC heap before
{Heap before GC invocations=1 (full 0):
 PSYoungGen      total 29696K, used 25600K [0x00000000eab00000, 0x00000000ecc00000, 0x0000000100000000)
  eden space 25600K, 100% used [0x00000000eab00000,0x00000000ec400000,0x00000000ec400000)
  from space 4096K, 0% used [0x00000000ec800000,0x00000000ec800000,0x00000000ecc00000)
  to   space 4096K, 0% used [0x00000000ec400000,0x00000000ec400000,0x00000000ec800000)
 ParOldGen       total 68608K, used 0K [0x00000000c0000000, 0x00000000c4300000, 0x00000000eab00000)
  object space 68608K, 0% used [0x00000000c0000000,0x00000000c0000000,0x00000000c4300000)
 Metaspace       used 4500K, committed 4736K, reserved 1114112K
  class space    used 456K, committed 576K, reserved 1048576K
}
Event: 2.702 GC heap after
{Heap after GC invocations=1 (full 0):
 PSYoungGen      total 29696K, used 3222K [0x00000000eab00000, 0x00000000ecc00000, 0x0000000100000000)
  eden space 25600K, 0% used [0x00000000eab00000,0x00000000eab00000,0x00000000ec400000)
  from space 4096K, 78% used [0x00000000ec400000,0x00000000ec725800,0x00000000ec800000)
  to   space 4096K, 0% used [0x00000000ec800000,0x00000000ec800000,0x00000000ecc00000)
 ParOldGen       total 68608K, used 16K [0x00000000c0000000, 0x00000000c4300000, 0x00000000eab00000)
  object space 68608K, 0% used [0x00000000c0000000,0x00000000c0004000,0x00000000c4300000)
 Metaspace       used 4500K, committed 4736K, reserved 1114112K
  class space    used 456K, committed 576K, reserved 1048576K
}
Event: 31.122 GC heap before
{Heap before GC invocations=2 (full 0):
 PSYoungGen      total 29696K, used 28822K [0x00000000eab00000, 0x00000000ecc00000, 0x0000000100000000)
  eden space 25600K, 100% used [0x00000000eab00000,0x00000000ec400000,0x00000000ec400000)
  from space 4096K, 78% used [0x00000000ec400000,0x00000000ec725800,0x00000000ec800000)
  to   space 4096K, 0% used [0x00000000ec800000,0x00000000ec800000,0x00000000ecc00000)
 ParOldGen       total 68608K, used 16K [0x00000000c0000000, 0x00000000c4300000, 0x00000000eab00000)
  object space 68608K, 0% used [0x00000000c0000000,0x00000000c0004000,0x00000000c4300000)
 Metaspace       used 8063K, committed 8384K, reserved 1114112K
  class space    used 804K, committed 960K, reserved 1048576K
}
Event: 31.127 GC heap after
{Heap after GC invocations=2 (full 0):
 PSYoungGen      total 29696K, used 4064K [0x00000000eab00000, 0x00000000ecc00000, 0x0000000100000000)
  eden space 25600K, 0% used [0x00000000eab00000,0x00000000eab00000,0x00000000ec400000)
  from space 4096K, 99% used [0x00000000ec800000,0x00000000ecbf8258,0x00000000ecc00000)
  to   space 4096K, 0% used [0x00000000ec400000,0x00000000ec400000,0x00000000ec800000)
 ParOldGen       total 68608K, used 647K [0x00000000c0000000, 0x00000000c4300000, 0x00000000eab00000)
  object space 68608K, 0% used [0x00000000c0000000,0x00000000c00a1e98,0x00000000c4300000)
 Metaspace       used 8063K, committed 8384K, reserved 1114112K
  class space    used 804K, committed 960K, reserved 1048576K
}
Event: 32.505 GC heap before
{Heap before GC invocations=3 (full 0):
 PSYoungGen      total 29696K, used 29664K [0x00000000eab00000, 0x00000000ecc00000, 0x0000000100000000)
  eden space 25600K, 100% used [0x00000000eab00000,0x00000000ec400000,0x00000000ec400000)
  from space 4096K, 99% used [0x00000000ec800000,0x00000000ecbf8258,0x00000000ecc00000)
  to   space 4096K, 0% used [0x00000000ec400000,0x00000000ec400000,0x00000000ec800000)
 ParOldGen       total 68608K, used 647K [0x00000000c0000000, 0x00000000c4300000, 0x00000000eab00000)
  object space 68608K, 0% used [0x00000000c0000000,0x00000000c00a1e98,0x00000000c4300000)
 Metaspace       used 9471K, committed 9792K, reserved 1114112K
  class space    used 947K, committed 1088K, reserved 1048576K
}
Event: 32.511 GC heap after
{Heap after GC invocations=3 (full 0):
 PSYoungGen      total 29696K, used 4070K [0x00000000eab00000, 0x00000000ecc00000, 0x0000000100000000)
  eden space 25600K, 0% used [0x00000000eab00000,0x00000000eab00000,0x00000000ec400000)
  from space 4096K, 99% used [0x00000000ec400000,0x00000000ec7f99a8,0x00000000ec800000)
  to   space 4096K, 0% used [0x00000000ec800000,0x00000000ec800000,0x00000000ecc00000)
 ParOldGen       total 68608K, used 3078K [0x00000000c0000000, 0x00000000c4300000, 0x00000000eab00000)
  object space 68608K, 4% used [0x00000000c0000000,0x00000000c0301978,0x00000000c4300000)
 Metaspace       used 9471K, committed 9792K, reserved 1114112K
  class space    used 947K, committed 1088K, reserved 1048576K
}
Event: 37.512 GC heap before
{Heap before GC invocations=4 (full 0):
 PSYoungGen      total 29696K, used 29652K [0x00000000eab00000, 0x00000000ecc00000, 0x0000000100000000)
  eden space 25600K, 99% used [0x00000000eab00000,0x00000000ec3fb7e0,0x00000000ec400000)
  from space 4096K, 99% used [0x00000000ec400000,0x00000000ec7f99a8,0x00000000ec800000)
  to   space 4096K, 0% used [0x00000000ec800000,0x00000000ec800000,0x00000000ecc00000)
 ParOldGen       total 68608K, used 3078K [0x00000000c0000000, 0x00000000c4300000, 0x00000000eab00000)
  object space 68608K, 4% used [0x00000000c0000000,0x00000000c0301978,0x00000000c4300000)
 Metaspace       used 13456K, committed 13888K, reserved 1114112K
  class space    used 1323K, committed 1536K, reserved 1048576K
}
Event: 37.516 GC heap after
{Heap after GC invocations=4 (full 0):
 PSYoungGen      total 29696K, used 4087K [0x00000000eab00000, 0x00000000ecc00000, 0x0000000100000000)
  eden space 25600K, 0% used [0x00000000eab00000,0x00000000eab00000,0x00000000ec400000)
  from space 4096K, 99% used [0x00000000ec800000,0x00000000ecbfde88,0x00000000ecc00000)
  to   space 4096K, 0% used [0x00000000ec400000,0x00000000ec400000,0x00000000ec800000)
 ParOldGen       total 68608K, used 5062K [0x00000000c0000000, 0x00000000c4300000, 0x00000000eab00000)
  object space 68608K, 7% used [0x00000000c0000000,0x00000000c04f1b18,0x00000000c4300000)
 Metaspace       used 13456K, committed 13888K, reserved 1114112K
  class space    used 1323K, committed 1536K, reserved 1048576K
}
Event: 39.212 GC heap before
{Heap before GC invocations=5 (full 0):
 PSYoungGen      total 29696K, used 29687K [0x00000000eab00000, 0x00000000ecc00000, 0x0000000100000000)
  eden space 25600K, 100% used [0x00000000eab00000,0x00000000ec400000,0x00000000ec400000)
  from space 4096K, 99% used [0x00000000ec800000,0x00000000ecbfde88,0x00000000ecc00000)
  to   space 4096K, 0% used [0x00000000ec400000,0x00000000ec400000,0x00000000ec800000)
 ParOldGen       total 68608K, used 5062K [0x00000000c0000000, 0x00000000c4300000, 0x00000000eab00000)
  object space 68608K, 7% used [0x00000000c0000000,0x00000000c04f1b18,0x00000000c4300000)
 Metaspace       used 17345K, committed 17920K, reserved 1114112K
  class space    used 1689K, committed 1984K, reserved 1048576K
}
Event: 39.216 GC heap after
{Heap after GC invocations=5 (full 0):
 PSYoungGen      total 29184K, used 4085K [0x00000000eab00000, 0x00000000ed180000, 0x0000000100000000)
  eden space 25088K, 0% used [0x00000000eab00000,0x00000000eab00000,0x00000000ec380000)
  from space 4096K, 99% used [0x00000000ec400000,0x00000000ec7fd538,0x00000000ec800000)
  to   space 7168K, 0% used [0x00000000eca80000,0x00000000eca80000,0x00000000ed180000)
 ParOldGen       total 68608K, used 7915K [0x00000000c0000000, 0x00000000c4300000, 0x00000000eab00000)
  object space 68608K, 11% used [0x00000000c0000000,0x00000000c07bad08,0x00000000c4300000)
 Metaspace       used 17345K, committed 17920K, reserved 1114112K
  class space    used 1689K, committed 1984K, reserved 1048576K
}
Event: 40.753 GC heap before
{Heap before GC invocations=6 (full 0):
 PSYoungGen      total 29184K, used 29031K [0x00000000eab00000, 0x00000000ed180000, 0x0000000100000000)
  eden space 25088K, 99% used [0x00000000eab00000,0x00000000ec35c9f0,0x00000000ec380000)
  from space 4096K, 99% used [0x00000000ec400000,0x00000000ec7fd538,0x00000000ec800000)
  to   space 7168K, 0% used [0x00000000eca80000,0x00000000eca80000,0x00000000ed180000)
 ParOldGen       total 68608K, used 7915K [0x00000000c0000000, 0x00000000c4300000, 0x00000000eab00000)
  object space 68608K, 11% used [0x00000000c0000000,0x00000000c07bad08,0x00000000c4300000)
 Metaspace       used 20686K, committed 21312K, reserved 1114112K
  class space    used 1931K, committed 2240K, reserved 1048576K
}
Event: 40.759 GC heap after
{Heap after GC invocations=6 (full 0):
 PSYoungGen      total 31232K, used 6165K [0x00000000eab00000, 0x00000000ed100000, 0x0000000100000000)
  eden space 24576K, 0% used [0x00000000eab00000,0x00000000eab00000,0x00000000ec300000)
  from space 6656K, 92% used [0x00000000eca80000,0x00000000ed085598,0x00000000ed100000)
  to   space 6656K, 0% used [0x00000000ec400000,0x00000000ec400000,0x00000000eca80000)
 ParOldGen       total 68608K, used 7915K [0x00000000c0000000, 0x00000000c4300000, 0x00000000eab00000)
  object space 68608K, 11% used [0x00000000c0000000,0x00000000c07bad08,0x00000000c4300000)
 Metaspace       used 20686K, committed 21312K, reserved 1114112K
  class space    used 1931K, committed 2240K, reserved 1048576K
}
Event: 42.582 GC heap before
{Heap before GC invocations=7 (full 0):
 PSYoungGen      total 31232K, used 8021K [0x00000000eab00000, 0x00000000ed100000, 0x0000000100000000)
  eden space 24576K, 7% used [0x00000000eab00000,0x00000000eacd01a8,0x00000000ec300000)
  from space 6656K, 92% used [0x00000000eca80000,0x00000000ed085598,0x00000000ed100000)
  to   space 6656K, 0% used [0x00000000ec400000,0x00000000ec400000,0x00000000eca80000)
 ParOldGen       total 68608K, used 7915K [0x00000000c0000000, 0x00000000c4300000, 0x00000000eab00000)
  object space 68608K, 11% used [0x00000000c0000000,0x00000000c07bad08,0x00000000c4300000)
 Metaspace       used 20909K, committed 21504K, reserved 1114112K
  class space    used 1931K, committed 2240K, reserved 1048576K
}
Event: 42.589 GC heap after
{Heap after GC invocations=7 (full 0):
 PSYoungGen      total 27648K, used 2843K [0x00000000eab00000, 0x00000000ecc00000, 0x0000000100000000)
  eden space 24576K, 0% used [0x00000000eab00000,0x00000000eab00000,0x00000000ec300000)
  from space 3072K, 92% used [0x00000000ec400000,0x00000000ec6c6db8,0x00000000ec700000)
  to   space 4608K, 0% used [0x00000000ec780000,0x00000000ec780000,0x00000000ecc00000)
 ParOldGen       total 68608K, used 9547K [0x00000000c0000000, 0x00000000c4300000, 0x00000000eab00000)
  object space 68608K, 13% used [0x00000000c0000000,0x00000000c0952e18,0x00000000c4300000)
 Metaspace       used 20909K, committed 21504K, reserved 1114112K
  class space    used 1931K, committed 2240K, reserved 1048576K
}
Event: 42.589 GC heap before
{Heap before GC invocations=8 (full 1):
 PSYoungGen      total 27648K, used 2843K [0x00000000eab00000, 0x00000000ecc00000, 0x0000000100000000)
  eden space 24576K, 0% used [0x00000000eab00000,0x00000000eab00000,0x00000000ec300000)
  from space 3072K, 92% used [0x00000000ec400000,0x00000000ec6c6db8,0x00000000ec700000)
  to   space 4608K, 0% used [0x00000000ec780000,0x00000000ec780000,0x00000000ecc00000)
 ParOldGen       total 68608K, used 9547K [0x00000000c0000000, 0x00000000c4300000, 0x00000000eab00000)
  object space 68608K, 13% used [0x00000000c0000000,0x00000000c0952e18,0x00000000c4300000)
 Metaspace       used 20909K, committed 21504K, reserved 1114112K
  class space    used 1931K, committed 2240K, reserved 1048576K
}

Dll operation events (11 events):
Event: 0.158 Loaded shared library c:\Users\notga\.cursor\extensions\redhat.java-1.41.1-win32-x64\jre\21.0.6-win32-x86_64\bin\java.dll
Event: 0.342 Loaded shared library c:\Users\notga\.cursor\extensions\redhat.java-1.41.1-win32-x64\jre\21.0.6-win32-x86_64\bin\zip.dll
Event: 0.392 Loaded shared library C:\Users\notga\.cursor\extensions\redhat.java-1.41.1-win32-x64\jre\21.0.6-win32-x86_64\bin\instrument.dll
Event: 0.415 Loaded shared library C:\Users\notga\.cursor\extensions\redhat.java-1.41.1-win32-x64\jre\21.0.6-win32-x86_64\bin\net.dll
Event: 0.434 Loaded shared library C:\Users\notga\.cursor\extensions\redhat.java-1.41.1-win32-x64\jre\21.0.6-win32-x86_64\bin\nio.dll
Event: 0.442 Loaded shared library C:\Users\notga\.cursor\extensions\redhat.java-1.41.1-win32-x64\jre\21.0.6-win32-x86_64\bin\zip.dll
Event: 0.625 Loaded shared library C:\Users\notga\.cursor\extensions\redhat.java-1.41.1-win32-x64\jre\21.0.6-win32-x86_64\bin\jimage.dll
Event: 1.032 Loaded shared library c:\Users\notga\.cursor\extensions\redhat.java-1.41.1-win32-x64\jre\21.0.6-win32-x86_64\bin\verify.dll
Event: 31.640 Loaded shared library C:\Users\notga\AppData\Roaming\Cursor\User\globalStorage\redhat.java\1.41.1\config_ss_win\org.eclipse.equinox.launcher\org.eclipse.equinox.launcher.win32.win32.x86_64_1.2.1300.v20250331-1702\eclipse_11911.dll
Event: 38.064 Loaded shared library C:\Users\notga\.cursor\extensions\redhat.java-1.41.1-win32-x64\jre\21.0.6-win32-x86_64\bin\management.dll
Event: 38.082 Loaded shared library C:\Users\notga\.cursor\extensions\redhat.java-1.41.1-win32-x64\jre\21.0.6-win32-x86_64\bin\management_ext.dll

Deoptimization events (20 events):
Event: 38.628 Thread 0x00000253580cdf40 Uncommon trap: trap_request=0xffffff45 fr.pc=0x0000025307c25724 relative=0x0000000000000084
Event: 38.628 Thread 0x00000253580cdf40 Uncommon trap: reason=unstable_if action=reinterpret pc=0x0000025307c25724 method=java.lang.ref.SoftReference.get()Ljava/lang/Object; @ 6 c2
Event: 38.628 Thread 0x00000253580cdf40 DEOPT PACKING pc=0x0000025307c25724 sp=0x000000d9d30f92f0
Event: 38.628 Thread 0x00000253580cdf40 DEOPT UNPACKING pc=0x0000025307583aa2 sp=0x000000d9d30f9288 mode 2
Event: 38.862 Thread 0x00000253580cdf40 Uncommon trap: trap_request=0xffffff45 fr.pc=0x0000025307c350f0 relative=0x0000000000001010
Event: 38.862 Thread 0x00000253580cdf40 Uncommon trap: reason=unstable_if action=reinterpret pc=0x0000025307c350f0 method=jdk.internal.org.objectweb.asm.Frame.execute(IILjdk/internal/org/objectweb/asm/Symbol;Ljdk/internal/org/objectweb/asm/SymbolTable;)V @ 1 c2
Event: 38.863 Thread 0x00000253580cdf40 DEOPT PACKING pc=0x0000025307c350f0 sp=0x000000d9d30f79e0
Event: 38.863 Thread 0x00000253580cdf40 DEOPT UNPACKING pc=0x0000025307583aa2 sp=0x000000d9d30f7968 mode 2
Event: 40.333 Thread 0x00000253580cdf40 Uncommon trap: trap_request=0xffffff6e fr.pc=0x0000025307c41d18 relative=0x0000000000000938
Event: 40.333 Thread 0x00000253580cdf40 Uncommon trap: reason=loop_limit_check action=maybe_recompile pc=0x0000025307c41d18 method=java.util.regex.Pattern$StartS.match(Ljava/util/regex/Matcher;ILjava/lang/CharSequence;)Z @ 34 c2
Event: 40.333 Thread 0x00000253580cdf40 DEOPT PACKING pc=0x0000025307c41d18 sp=0x000000d9d30f0440
Event: 40.333 Thread 0x00000253580cdf40 DEOPT UNPACKING pc=0x0000025307583aa2 sp=0x000000d9d30f0390 mode 2
Event: 40.533 Thread 0x00000253580cdf40 Uncommon trap: trap_request=0xffffff45 fr.pc=0x0000025307c4a06c relative=0x000000000000014c
Event: 40.533 Thread 0x00000253580cdf40 Uncommon trap: reason=unstable_if action=reinterpret pc=0x0000025307c4a06c method=org.lombokweb.asm.ByteVector.putByteArray([BII)Lorg/lombokweb/asm/ByteVector; @ 20 c2
Event: 40.533 Thread 0x00000253580cdf40 DEOPT PACKING pc=0x0000025307c4a06c sp=0x000000d9d30ee5c0
Event: 40.533 Thread 0x00000253580cdf40 DEOPT UNPACKING pc=0x0000025307583aa2 sp=0x000000d9d30ee590 mode 2
Event: 40.533 Thread 0x00000253580cdf40 Uncommon trap: trap_request=0xffffff45 fr.pc=0x0000025307c4a724 relative=0x0000000000000364
Event: 40.533 Thread 0x00000253580cdf40 Uncommon trap: reason=unstable_if action=reinterpret pc=0x0000025307c4a724 method=org.lombokweb.asm.Label.resolve([BLorg/lombokweb/asm/ByteVector;I)Z @ 81 c2
Event: 40.533 Thread 0x00000253580cdf40 DEOPT PACKING pc=0x0000025307c4a724 sp=0x000000d9d30ee650
Event: 40.533 Thread 0x00000253580cdf40 DEOPT UNPACKING pc=0x0000025307583aa2 sp=0x000000d9d30ee558 mode 2

Classes loaded (20 events):
Event: 38.942 Loading class java/util/zip/GZIPOutputStream
Event: 38.943 Loading class java/util/zip/GZIPOutputStream done
Event: 38.944 Loading class java/util/zip/GZIPInputStream
Event: 38.945 Loading class java/util/zip/GZIPInputStream done
Event: 38.952 Loading class java/net/SocketTimeoutException
Event: 38.952 Loading class java/io/InterruptedIOException
Event: 38.952 Loading class java/io/InterruptedIOException done
Event: 38.986 Loading class java/net/SocketTimeoutException done
Event: 38.986 Loading class java/net/SocketException
Event: 38.987 Loading class java/net/SocketException done
Event: 38.987 Loading class java/net/UnknownHostException
Event: 38.987 Loading class java/net/UnknownHostException done
Event: 38.987 Loading class java/net/ProtocolException
Event: 38.987 Loading class java/net/ProtocolException done
Event: 39.079 Loading class java/lang/ThreadLocal$SuppliedThreadLocal
Event: 39.080 Loading class java/lang/ThreadLocal$SuppliedThreadLocal done
Event: 39.121 Loading class java/io/FileWriter
Event: 39.121 Loading class java/io/FileWriter done
Event: 39.508 Loading class java/lang/NegativeArraySizeException
Event: 39.508 Loading class java/lang/NegativeArraySizeException done

Classes unloaded (7 events):
Event: 42.595 Thread 0x000002537accf740 Unloading class 0x0000025312192c00 'java/lang/invoke/LambdaForm$MH+0x0000025312192c00'
Event: 42.595 Thread 0x000002537accf740 Unloading class 0x0000025312192800 'java/lang/invoke/LambdaForm$MH+0x0000025312192800'
Event: 42.595 Thread 0x000002537accf740 Unloading class 0x0000025312192400 'java/lang/invoke/LambdaForm$MH+0x0000025312192400'
Event: 42.595 Thread 0x000002537accf740 Unloading class 0x0000025312192000 'java/lang/invoke/LambdaForm$MH+0x0000025312192000'
Event: 42.595 Thread 0x000002537accf740 Unloading class 0x0000025312191c00 'java/lang/invoke/LambdaForm$BMH+0x0000025312191c00'
Event: 42.595 Thread 0x000002537accf740 Unloading class 0x0000025312191800 'java/lang/invoke/LambdaForm$DMH+0x0000025312191800'
Event: 42.595 Thread 0x000002537accf740 Unloading class 0x0000025312190400 'java/lang/invoke/LambdaForm$DMH+0x0000025312190400'

Classes redefined (0 events):
No events

Internal exceptions (20 events):
Event: 38.048 Thread 0x00000253580cdf40 Exception <a 'java/io/FileNotFoundException'{0x00000000eb117340}> (0x00000000eb117340) 
thrown [s\src\hotspot\share\prims\jni.cpp, line 520]
Event: 38.049 Thread 0x00000253580cdf40 Exception <a 'java/io/FileNotFoundException'{0x00000000eb11e720}> (0x00000000eb11e720) 
thrown [s\src\hotspot\share\prims\jni.cpp, line 520]
Event: 38.494 Thread 0x00000253580cdf40 Exception <a 'java/lang/NoSuchMethodError'{0x00000000eb5d62d8}: 'java.lang.Object java.lang.invoke.DirectMethodHandle$Holder.newInvokeSpecial(java.lang.Object, java.lang.Object, java.lang.Object, java.lang.Object, java.lang.Object)'> (0x00000000eb5d62d8) 
thrown [s\src\hotspot\share\interpreter\linkResolver.cpp, line 773]
Event: 38.608 Thread 0x00000253580cdf40 Exception <a 'java/lang/NoSuchMethodError'{0x00000000eb6b7728}: 'java.lang.Object java.lang.invoke.DirectMethodHandle$Holder.invokeSpecial(java.lang.Object, java.lang.Object, java.lang.Object, long, java.lang.Object)'> (0x00000000eb6b7728) 
thrown [s\src\hotspot\share\interpreter\linkResolver.cpp, line 773]
Event: 38.609 Thread 0x00000253580cdf40 Exception <a 'java/lang/NoSuchMethodError'{0x00000000eb6beeb8}: 'java.lang.Object java.lang.invoke.DirectMethodHandle$Holder.newInvokeSpecial(java.lang.Object, java.lang.Object, java.lang.Object, long)'> (0x00000000eb6beeb8) 
thrown [s\src\hotspot\share\interpreter\linkResolver.cpp, line 773]
Event: 38.609 Thread 0x00000253580cdf40 Exception <a 'java/lang/NoSuchMethodError'{0x00000000eb6c2b38}: 'java.lang.Object java.lang.invoke.Invokers$Holder.linkToTargetMethod(java.lang.Object, java.lang.Object, long, java.lang.Object)'> (0x00000000eb6c2b38) 
thrown [s\src\hotspot\share\interpreter\linkResolver.cpp, line 773]
Event: 38.687 Thread 0x00000253580cdf40 Exception <a 'java/lang/IncompatibleClassChangeError'{0x00000000eb7b2170}: Found class java.lang.Object, but interface was expected> (0x00000000eb7b2170) 
thrown [s\src\hotspot\share\interpreter\linkResolver.cpp, line 840]
Event: 38.688 Thread 0x00000253580cdf40 Exception <a 'java/lang/NoSuchMethodError'{0x00000000eb7b5b40}: 'java.lang.Object java.lang.invoke.DirectMethodHandle$Holder.invokeSpecial(java.lang.Object, java.lang.Object, java.lang.Object, int, java.lang.Object, java.lang.Object)'> (0x00000000eb7b5b40) 
thrown [s\src\hotspot\share\interpreter\linkResolver.cpp, line 773]
Event: 38.690 Thread 0x00000253580cdf40 Exception <a 'java/lang/NoSuchMethodError'{0x00000000eb7bd3d8}: 'java.lang.Object java.lang.invoke.DirectMethodHandle$Holder.newInvokeSpecial(java.lang.Object, java.lang.Object, java.lang.Object, int, java.lang.Object)'> (0x00000000eb7bd3d8) 
thrown [s\src\hotspot\share\interpreter\linkResolver.cpp, line 773]
Event: 38.690 Thread 0x00000253580cdf40 Exception <a 'java/lang/NoSuchMethodError'{0x00000000eb7c0ec8}: 'java.lang.Object java.lang.invoke.Invokers$Holder.linkToTargetMethod(java.lang.Object, java.lang.Object, int, java.lang.Object, java.lang.Object)'> (0x00000000eb7c0ec8) 
thrown [s\src\hotspot\share\interpreter\linkResolver.cpp, line 773]
Event: 38.691 Thread 0x00000253587f2310 Exception <a 'java/lang/NoSuchMethodError'{0x00000000eb6fe620}: 'java.lang.Object java.lang.invoke.DirectMethodHandle$Holder.invokeSpecial(java.lang.Object, java.lang.Object, int, java.lang.Object, java.lang.Object)'> (0x00000000eb6fe620) 
thrown [s\src\hotspot\share\interpreter\linkResolver.cpp, line 773]
Event: 38.692 Thread 0x00000253587f2310 Exception <a 'java/lang/NoSuchMethodError'{0x00000000eb705358}: 'java.lang.Object java.lang.invoke.DirectMethodHandle$Holder.newInvokeSpecial(java.lang.Object, java.lang.Object, int, java.lang.Object)'> (0x00000000eb705358) 
thrown [s\src\hotspot\share\interpreter\linkResolver.cpp, line 773]
Event: 38.723 Thread 0x00000253580cdf40 Exception <a 'java/lang/NoSuchMethodError'{0x00000000eb8ea5e8}: 'void java.lang.invoke.DirectMethodHandle$Holder.invokeSpecial(java.lang.Object, java.lang.Object, java.lang.Object, java.lang.Object, java.lang.Object)'> (0x00000000eb8ea5e8) 
thrown [s\src\hotspot\share\interpreter\linkResolver.cpp, line 773]
Event: 38.862 Thread 0x00000253580cdf40 Exception <a 'java/lang/NoSuchMethodError'{0x00000000ebb64bf8}: 'double java.lang.invoke.DirectMethodHandle$Holder.invokeStatic(java.lang.Object, java.lang.Object)'> (0x00000000ebb64bf8) 
thrown [s\src\hotspot\share\interpreter\linkResolver.cpp, line 773]
Event: 38.863 Thread 0x00000253580cdf40 Exception <a 'java/lang/NoSuchMethodError'{0x00000000ebb682b8}: 'double java.lang.invoke.DirectMethodHandle$Holder.invokeStaticInit(java.lang.Object, java.lang.Object)'> (0x00000000ebb682b8) 
thrown [s\src\hotspot\share\interpreter\linkResolver.cpp, line 773]
Event: 39.514 Thread 0x00000253580cdf40 Exception <a 'java/io/FileNotFoundException'{0x00000000eb2b2088}> (0x00000000eb2b2088) 
thrown [s\src\hotspot\share\prims\jni.cpp, line 520]
Event: 39.516 Thread 0x00000253580cdf40 Exception <a 'java/io/FileNotFoundException'{0x00000000eb2b2f08}> (0x00000000eb2b2f08) 
thrown [s\src\hotspot\share\prims\jni.cpp, line 520]
Event: 39.516 Thread 0x00000253580cdf40 Exception <a 'java/io/FileNotFoundException'{0x00000000eb2b3e80}> (0x00000000eb2b3e80) 
thrown [s\src\hotspot\share\prims\jni.cpp, line 520]
Event: 40.422 Thread 0x00000253580cdf40 Exception <a 'java/lang/NoSuchMethodError'{0x00000000ebc11fd8}: 'int java.lang.invoke.DirectMethodHandle$Holder.invokeStaticInit(java.lang.Object, java.lang.Object, java.lang.Object)'> (0x00000000ebc11fd8) 
thrown [s\src\hotspot\share\interpreter\linkResolver.cpp, line 773]
Event: 40.532 Thread 0x00000253580cdf40 Implicit null exception at 0x0000025307c49f75 to 0x0000025307c4a050

ZGC Phase Switch (0 events):
No events

VM Operations (20 events):
Event: 34.850 Executing VM operation: Cleanup done
Event: 36.854 Executing VM operation: Cleanup
Event: 36.855 Executing VM operation: Cleanup done
Event: 36.893 Executing VM operation: HandshakeAllThreads (Deoptimize)
Event: 36.948 Executing VM operation: HandshakeAllThreads (Deoptimize) done
Event: 36.958 Executing VM operation: HandshakeAllThreads (Deoptimize)
Event: 36.958 Executing VM operation: HandshakeAllThreads (Deoptimize) done
Event: 37.512 Executing VM operation: ParallelGCFailedAllocation (Allocation Failure)
Event: 37.516 Executing VM operation: ParallelGCFailedAllocation (Allocation Failure) done
Event: 38.186 Executing VM operation: HandshakeAllThreads (Deoptimize)
Event: 38.186 Executing VM operation: HandshakeAllThreads (Deoptimize) done
Event: 38.208 Executing VM operation: HandshakeAllThreads (Deoptimize)
Event: 38.208 Executing VM operation: HandshakeAllThreads (Deoptimize) done
Event: 39.209 Executing VM operation: Cleanup
Event: 39.209 Executing VM operation: Cleanup done
Event: 39.212 Executing VM operation: ParallelGCFailedAllocation (Allocation Failure)
Event: 39.216 Executing VM operation: ParallelGCFailedAllocation (Allocation Failure) done
Event: 40.753 Executing VM operation: ParallelGCFailedAllocation (Allocation Failure)
Event: 40.759 Executing VM operation: ParallelGCFailedAllocation (Allocation Failure) done
Event: 42.582 Executing VM operation: CollectForMetadataAllocation (Metadata GC Threshold)

Memory protections (0 events):
No events

Nmethod flushes (0 events):
No events

Events (20 events):
Event: 32.404 Thread 0x0000025358475590 Thread exited: 0x0000025358475590
Event: 32.413 Thread 0x00000253582efc30 Thread exited: 0x00000253582efc30
Event: 32.734 Thread 0x00000253580cdf40 Thread added: 0x00000253587f15f0
Event: 36.806 Thread 0x00000253521b9180 Thread added: 0x00000253581c41f0
Event: 37.207 Thread 0x00000253581c41f0 Thread exited: 0x00000253581c41f0
Event: 37.458 Thread 0x00000253580cdf40 Thread added: 0x00000253587f0240
Event: 38.621 Thread 0x00000253580cdf40 Thread added: 0x00000253587f2310
Event: 38.692 Thread 0x00000253580cdf40 Thread added: 0x00000253587f08d0
Event: 39.223 Thread 0x00000253521fded0 Thread added: 0x000002535832c2c0
Event: 39.231 Thread 0x00000253521fded0 Thread added: 0x0000025353ab7850
Event: 39.480 Thread 0x0000025353ab7850 Thread exited: 0x0000025353ab7850
Event: 39.481 Thread 0x000002535832c2c0 Thread exited: 0x000002535832c2c0
Event: 41.858 Thread 0x00000253584ae8a0 Thread exited: 0x00000253584ae8a0
Event: 41.859 Thread 0x00000253587f0f60 Thread exited: 0x00000253587f0f60
Event: 41.860 Thread 0x00000253587f29a0 Thread exited: 0x00000253587f29a0
Event: 41.860 Thread 0x000002535894c940 Thread exited: 0x000002535894c940
Event: 41.872 Thread 0x00000253587d6fa0 Thread exited: 0x00000253587d6fa0
Event: 41.894 Thread 0x00000253587f1c80 Thread exited: 0x00000253587f1c80
Event: 41.932 Thread 0x00000253587ef520 Thread exited: 0x00000253587ef520
Event: 41.947 Thread 0x00000253584ae240 Thread exited: 0x00000253584ae240


Dynamic libraries:
0x00007ff747000000 - 0x00007ff74700e000 	c:\Users\notga\.cursor\extensions\redhat.java-1.41.1-win32-x64\jre\21.0.6-win32-x86_64\bin\java.exe
0x00007ff822230000 - 0x00007ff822428000 	C:\Windows\SYSTEM32\ntdll.dll
0x00007ff820530000 - 0x00007ff8205f2000 	C:\Windows\System32\KERNEL32.DLL
0x00007ff81fbf0000 - 0x00007ff81fee6000 	C:\Windows\System32\KERNELBASE.dll
0x00007ff81fef0000 - 0x00007ff81fff0000 	C:\Windows\System32\ucrtbase.dll
0x00007ff80c3e0000 - 0x00007ff80c3f8000 	c:\Users\notga\.cursor\extensions\redhat.java-1.41.1-win32-x64\jre\21.0.6-win32-x86_64\bin\jli.dll
0x00007ff820f70000 - 0x00007ff82110d000 	C:\Windows\System32\USER32.dll
0x00007ff81f9e0000 - 0x00007ff81fa02000 	C:\Windows\System32\win32u.dll
0x00007ff821360000 - 0x00007ff82138b000 	C:\Windows\System32\GDI32.dll
0x00007ff81f8c0000 - 0x00007ff81f9d9000 	C:\Windows\System32\gdi32full.dll
0x00007ff81faa0000 - 0x00007ff81fb3d000 	C:\Windows\System32\msvcp_win.dll
0x00007ffeff970000 - 0x00007ffeff98e000 	c:\Users\notga\.cursor\extensions\redhat.java-1.41.1-win32-x64\jre\21.0.6-win32-x86_64\bin\VCRUNTIME140.dll
0x00007ff80e780000 - 0x00007ff80ea1a000 	C:\Windows\WinSxS\amd64_microsoft.windows.common-controls_6595b64144ccf1df_6.0.19041.5915_none_60b4b9d171f9c7c7\COMCTL32.dll
0x00007ff820490000 - 0x00007ff82052e000 	C:\Windows\System32\msvcrt.dll
0x00007ff820600000 - 0x00007ff82062f000 	C:\Windows\System32\IMM32.DLL
0x00007ff80c180000 - 0x00007ff80c18c000 	c:\Users\notga\.cursor\extensions\redhat.java-1.41.1-win32-x64\jre\21.0.6-win32-x86_64\bin\vcruntime140_1.dll
0x00007ffef0ed0000 - 0x00007ffef0f5d000 	c:\Users\notga\.cursor\extensions\redhat.java-1.41.1-win32-x64\jre\21.0.6-win32-x86_64\bin\msvcp140.dll
0x00007ffee1260000 - 0x00007ffee1ff0000 	c:\Users\notga\.cursor\extensions\redhat.java-1.41.1-win32-x64\jre\21.0.6-win32-x86_64\bin\server\jvm.dll
0x00007ff821a80000 - 0x00007ff821b31000 	C:\Windows\System32\ADVAPI32.dll
0x00007ff8203f0000 - 0x00007ff82048f000 	C:\Windows\System32\sechost.dll
0x00007ff8220c0000 - 0x00007ff8221e3000 	C:\Windows\System32\RPCRT4.dll
0x00007ff81fbc0000 - 0x00007ff81fbe7000 	C:\Windows\System32\bcrypt.dll
0x00007ff821900000 - 0x00007ff82196b000 	C:\Windows\System32\WS2_32.dll
0x00007ff81ee00000 - 0x00007ff81ee4b000 	C:\Windows\SYSTEM32\POWRPROF.dll
0x00007ff813200000 - 0x00007ff813227000 	C:\Windows\SYSTEM32\WINMM.dll
0x00007ff817910000 - 0x00007ff81791a000 	C:\Windows\SYSTEM32\VERSION.dll
0x00007ff81eca0000 - 0x00007ff81ecb2000 	C:\Windows\SYSTEM32\UMPDC.dll
0x00007ff81d700000 - 0x00007ff81d712000 	C:\Windows\SYSTEM32\kernel.appcore.dll
0x00007fff01d80000 - 0x00007fff01d8a000 	c:\Users\notga\.cursor\extensions\redhat.java-1.41.1-win32-x64\jre\21.0.6-win32-x86_64\bin\jimage.dll
0x00007ff816a30000 - 0x00007ff816c31000 	C:\Windows\SYSTEM32\DBGHELP.DLL
0x00007ffffaf70000 - 0x00007ffffafa4000 	C:\Windows\SYSTEM32\dbgcore.DLL
0x00007ff81fa10000 - 0x00007ff81fa92000 	C:\Windows\System32\bcryptPrimitives.dll
0x00007fff013a0000 - 0x00007fff013af000 	c:\Users\notga\.cursor\extensions\redhat.java-1.41.1-win32-x64\jre\21.0.6-win32-x86_64\bin\instrument.dll
0x00007ffef3b70000 - 0x00007ffef3b8f000 	c:\Users\notga\.cursor\extensions\redhat.java-1.41.1-win32-x64\jre\21.0.6-win32-x86_64\bin\java.dll
0x00007ff820630000 - 0x00007ff820d9e000 	C:\Windows\System32\SHELL32.dll
0x00007ff81d900000 - 0x00007ff81e0a4000 	C:\Windows\SYSTEM32\windows.storage.dll
0x00007ff8213f0000 - 0x00007ff821743000 	C:\Windows\System32\combase.dll
0x00007ff81f2f0000 - 0x00007ff81f31b000 	C:\Windows\SYSTEM32\Wldp.dll
0x00007ff821b50000 - 0x00007ff821c1d000 	C:\Windows\System32\OLEAUT32.dll
0x00007ff8219d0000 - 0x00007ff821a7d000 	C:\Windows\System32\SHCORE.dll
0x00007ff821970000 - 0x00007ff8219cb000 	C:\Windows\System32\shlwapi.dll
0x00007ff81f7f0000 - 0x00007ff81f815000 	C:\Windows\SYSTEM32\profapi.dll
0x00007ffef3620000 - 0x00007ffef3638000 	c:\Users\notga\.cursor\extensions\redhat.java-1.41.1-win32-x64\jre\21.0.6-win32-x86_64\bin\zip.dll
0x00007ffef9de0000 - 0x00007ffef9df0000 	C:\Users\notga\.cursor\extensions\redhat.java-1.41.1-win32-x64\jre\21.0.6-win32-x86_64\bin\net.dll
0x00007ff817670000 - 0x00007ff81777a000 	C:\Windows\SYSTEM32\WINHTTP.dll
0x00007ff81f050000 - 0x00007ff81f0ba000 	C:\Windows\system32\mswsock.dll
0x00007ffef3600000 - 0x00007ffef3616000 	C:\Users\notga\.cursor\extensions\redhat.java-1.41.1-win32-x64\jre\21.0.6-win32-x86_64\bin\nio.dll
0x00007ffef3bd0000 - 0x00007ffef3be0000 	c:\Users\notga\.cursor\extensions\redhat.java-1.41.1-win32-x64\jre\21.0.6-win32-x86_64\bin\verify.dll
0x00007fffa71b0000 - 0x00007fffa71f5000 	C:\Users\notga\AppData\Roaming\Cursor\User\globalStorage\redhat.java\1.41.1\config_ss_win\org.eclipse.equinox.launcher\org.eclipse.equinox.launcher.win32.win32.x86_64_1.2.1300.v20250331-1702\eclipse_11911.dll
0x00007ff821110000 - 0x00007ff82123b000 	C:\Windows\System32\ole32.dll
0x00007ff81be10000 - 0x00007ff81be1a000 	C:\Users\notga\.cursor\extensions\redhat.java-1.41.1-win32-x64\jre\21.0.6-win32-x86_64\bin\management.dll
0x00007ff81be00000 - 0x00007ff81be0b000 	C:\Users\notga\.cursor\extensions\redhat.java-1.41.1-win32-x64\jre\21.0.6-win32-x86_64\bin\management_ext.dll
0x00007ff8203e0000 - 0x00007ff8203e8000 	C:\Windows\System32\PSAPI.DLL

dbghelp: loaded successfully - version: 4.0.5 - missing functions: none
symbol engine: initialized successfully - sym options: 0x614 - pdb path: .;c:\Users\notga\.cursor\extensions\redhat.java-1.41.1-win32-x64\jre\21.0.6-win32-x86_64\bin;C:\Windows\SYSTEM32;C:\Windows\WinSxS\amd64_microsoft.windows.common-controls_6595b64144ccf1df_6.0.19041.5915_none_60b4b9d171f9c7c7;c:\Users\notga\.cursor\extensions\redhat.java-1.41.1-win32-x64\jre\21.0.6-win32-x86_64\bin\server;C:\Users\notga\AppData\Roaming\Cursor\User\globalStorage\redhat.java\1.41.1\config_ss_win\org.eclipse.equinox.launcher\org.eclipse.equinox.launcher.win32.win32.x86_64_1.2.1300.v20250331-1702

VM Arguments:
jvm_args: --add-modules=ALL-SYSTEM --add-opens=java.base/java.util=ALL-UNNAMED --add-opens=java.base/java.lang=ALL-UNNAMED --add-opens=java.base/sun.nio.fs=ALL-UNNAMED -Declipse.application=org.eclipse.jdt.ls.core.id1 -Dosgi.bundles.defaultStartLevel=4 -Declipse.product=org.eclipse.jdt.ls.core.product -Djava.import.generatesMetadataFilesAtProjectRoot=false -DDetectVMInstallationsJob.disabled=true -Dfile.encoding=utf8 -XX:+UseParallelGC -XX:GCTimeRatio=4 -XX:AdaptiveSizePolicyWeight=90 -Dsun.zip.disableMemoryMapping=true -Xmx1G -Xms100m -Xlog:disable -javaagent:c:\Users\notga\.cursor\extensions\redhat.java-1.41.1-win32-x64\lombok\lombok-1.18.36.jar 
java_command: c:\Users\notga\.cursor\extensions\redhat.java-1.41.1-win32-x64\server\plugins\org.eclipse.equinox.launcher_1.7.0.v20250331-1702.jar -configuration c:\Users\notga\AppData\Roaming\Cursor\User\globalStorage\redhat.java\1.41.1\config_ss_win -data c:\Users\notga\AppData\Roaming\Cursor\User\workspaceStorage\07b7d63fb51278bd63225f0252f0c45b\redhat.java\ss_ws --pipe=\\.\pipe\lsp-93d50580f3df0edcae37d1238b987b7b-sock
java_class_path (initial): c:\Users\notga\.cursor\extensions\redhat.java-1.41.1-win32-x64\server\plugins\org.eclipse.equinox.launcher_1.7.0.v20250331-1702.jar
Launcher Type: SUN_STANDARD

[Global flags]
    uintx AdaptiveSizePolicyWeight                 = 90                                        {product} {command line}
     intx CICompilerCount                          = 4                                         {product} {ergonomic}
    uintx GCTimeRatio                              = 4                                         {product} {command line}
   size_t InitialHeapSize                          = 104857600                                 {product} {command line}
   size_t MaxHeapSize                              = 1073741824                                {product} {command line}
   size_t MaxNewSize                               = 357564416                                 {product} {ergonomic}
   size_t MinHeapDeltaBytes                        = 524288                                    {product} {ergonomic}
   size_t MinHeapSize                              = 104857600                                 {product} {command line}
   size_t NewSize                                  = 34603008                                  {product} {ergonomic}
    uintx NonNMethodCodeHeapSize                   = 5839372                                {pd product} {ergonomic}
    uintx NonProfiledCodeHeapSize                  = 122909434                              {pd product} {ergonomic}
   size_t OldSize                                  = 70254592                                  {product} {ergonomic}
    uintx ProfiledCodeHeapSize                     = 122909434                              {pd product} {ergonomic}
    uintx ReservedCodeCacheSize                    = 251658240                              {pd product} {ergonomic}
     bool SegmentedCodeCache                       = true                                      {product} {ergonomic}
   size_t SoftMaxHeapSize                          = 1073741824                             {manageable} {ergonomic}
     bool UseCompressedOops                        = true                           {product lp64_product} {ergonomic}
     bool UseLargePagesIndividualAllocation        = false                                  {pd product} {ergonomic}
     bool UseParallelGC                            = true                                      {product} {command line}

Logging:
Log output configuration:
 #0: stdout all=off uptime,level,tags foldmultilines=false
 #1: stderr all=off uptime,level,tags foldmultilines=false

Environment Variables:
JAVA_HOME=C:\Program Files\Java\jdk-24
PATH=C:/Users/notga/OneDrive/Documentos/eclipse//plugins/org.eclipse.justj.openjdk.hotspot.jre.full.win32.x86_64_21.0.6.v20250130-0529/jre/bin/server;C:/Users/notga/OneDrive/Documentos/eclipse//plugins/org.eclipse.justj.openjdk.hotspot.jre.full.win32.x86_64_21.0.6.v20250130-0529/jre/bin;c:\Users\notga\AppData\Local\Programs\cursor\resources\app\bin;C:\Program Files\Common Files\Oracle\Java\javapath;C:\Windows\system32;C:\Windows;C:\Windows\System32\Wbem;C:\Windows\System32\WindowsPowerShell\v1.0\;C:\Windows\System32\OpenSSH\;C:\Program Files (x86)\NVIDIA Corporation\PhysX\Common;C:\Program Files\NVIDIA Corporation\NVIDIA App\NvDLISR;C:\Program Files\Git\cmd;C:\Program Files\PuTTY\;C:\Program Files\nodejs\;C:\Users\notga\.cargo\bin;C:\Users\notga\AppData\Local\Programs\Python\Python311\Scripts\;C:\Users\notga\AppData\Local\Programs\Python\Python311\;C:\Users\notga\AppData\Local\Programs\Python\Launcher\;C:\Users\notga\AppData\Local\Microsoft\WindowsApps;C:\Users\notga\AppData\Roaming\npm;c:\Users\notga\AppData\Local\Programs\cursor\resources\app\bin;c:\Users\notga\AppData\Local\Programs\cursor\resources\app\bin;C:\Program Files\Java\jdk-24\bin;C:\Users\notga\.cargo\bin;C:\Users\notga\AppData\Local\Programs\Python\Python311\Scripts\;C:\Users\notga\AppData\Local\Programs\Python\Python311\;C:\Users\notga\AppData\Local\Programs\Python\Launcher\;C:\Users\notga\AppData\Local\Microsoft\WindowsApps;C:\Users\notga\AppData\Local\Programs\Microsoft VS Code\bin;C:\Users\notga\AppData\Roaming\npm;C:\Users\notga\AppData\Local\GitHubDesktop\bin;C:\Users\notga\OneDrive\Documentos\eclipse;
USERNAME=notga
TERM=xterm
OS=Windows_NT
PROCESSOR_IDENTIFIER=AMD64 Family 23 Model 24 Stepping 1, AuthenticAMD
TMP=C:\Users\notga\AppData\Local\Temp
TEMP=C:\Users\notga\AppData\Local\Temp




Periodic native trim disabled

---------------  S Y S T E M  ---------------

OS:
 Windows 10 , 64 bit Build 19041 (10.0.19041.5915)
OS uptime: 0 days 13:20 hours
Hyper-V role detected

CPU: total 8 (initial active 8) (8 cores per cpu, 2 threads per core) family 23 model 24 stepping 1 microcode 0x0, cx8, cmov, fxsr, ht, mmx, 3dnowpref, sse, sse2, sse3, ssse3, sse4a, sse4.1, sse4.2, popcnt, lzcnt, tsc, tscinvbit, avx, avx2, aes, clmul, bmi1, bmi2, adx, sha, fma, vzeroupper, clflush, clflushopt, hv, rdtscp, f16c
Processor Information for the first 8 processors :
  Max Mhz: 2100, Current Mhz: 2100, Mhz Limit: 2100

Memory: 4k page, system-wide physical 22466M (4070M free)
TotalPageFile size 33868M (AvailPageFile size 3796M)
current process WorkingSet (physical memory assigned to process): 153M, peak: 161M
current process commit charge ("private bytes"): 255M, peak: 266M

vm_info: OpenJDK 64-Bit Server VM (21.0.6+7-LTS) for windows-amd64 JRE (21.0.6+7-LTS), built on 2025-01-21T00:00:00Z by "admin" with MS VC++ 17.7 (VS2022)

END.
